
 1       
 2       
 3       
 2       
 4       
 5       
 2       
 6       
 4       
 2       
 7       
 8       
 9       
 10      
 11      
 6       
 8       
 12      
 13      
 14      
 15      
 4       
 16      
 4       
 11      
 5       
 12      
 7       
 17      
 18      
 18      
 18      
 19      
 1       
 3       
 19      
 15      
 7       
 6       
 12      
 2       
 7       
 13      
 8       
 4       
 15      
 4       
 9       
 13      
 2       
 5       
 17      
 5       
 5       
 17      
 10      
 14      
 5       
 7       
 7       
 7       
 11      
 2       
 11      
 14      
 3       
 17      
 14      

 1       
 2       
 3       
 4       
 5       
 3       
 6       
 7       
 3       
 8       
 9       
 10      
 11      
 4       
 12      
 13      
 9       
 14      
 13      
 1       
 15      
 16      
 17      
 3       
 14      
 18      
 4       
 11      
 2       
 1       
 5       
 5       
 6       
 19      
 19      
 15      
 20      
 21      
 5       
 7       
 8       
 4       
 12      
 22      
 16      
 17      
 3       
 3       
 17      
 14      
 23      
 23      
 24      
 24      
 18      
 22      
 9       
 10      
 18      
 9       
 18      
 9       
 11      
 21      
 9       
 4       
 10      
 4       

 1       
 2       
 3       
 4       
 5       
 3       
 6       
 7       
 3       
 8       
 9       
 10      
 11      
 4       
 12      
 7       
 13      
 12      
 14      
 1       
 15      
 11      
 16      
 17      
 15      
 18      
 4       
 7       
 2       
 1       
 5       
 5       
 6       
 19      
 19      
 20      
 20      
 13      
 5       
 21      
 8       
 4       
 14      
 9       
 3       
 17      
 3       
 16      
 17      
 12      
 22      
 22      
 23      
 21      
 18      
 8       
 7       
 10      
 18      
 24      
 18      
 24      
 9       
 18      
 13      
 4       
 9       
 4       

 1       
 2       
 3       
 4       
 5       
 3       
 6       
 7       
 8       
 9       
 10      
 11      
 12      
 4       
 13      
 1       
 10      
 13      
 1       
 14      
 15      
 12      
 16      
 8       
 17      
 18      
 4       
 6       
 2       
 14      
 5       
 5       
 19      
 20      
 20      
 21      
 21      
 17      
 19      
 7       
 9       
 4       
 13      
 22      
 3       
 16      
 3       
 16      
 8       
 13      
 23      
 22      
 15      
 15      
 24      
 9       
 17      
 11      
 18      
 25      
 18      
 25      
 17      
 18      
 10      
 17      
 4       
 4       

 1       
 2       
 3       
 4       
 5       
 6       
 7       
 3       
 6       
 8       
 9       
 10      
 11      
 12      
 13      
 14      
 4       
 13      
 14      
 1       
 15      
 11      
 16      
 6       
 15      
 17      
 4       
 18      
 7       
 1       
 12      
 5       
 8       
 19      
 19      
 20      
 20      
 21      
 22      
 23      
 2       
 1       
 12      
 18      
 6       
 16      
 6       
 16      
 16      
 13      
 24      
 24      
 25      
 25      
 17      
 18      
 21      
 10      
 26      
 27      
 17      
 27      
 21      
 17      
 3       
 26      
 18      
 23      

 1       
 2       
 1       
 3       
 4       
 5       
 6       
 7       
 8       
 6       
 9       
 10      
 11      
 12      
 13      
 14      
 3       
 15      
 14      
 4       
 16      
 1       
 17      
 18      
 16      
 10      
 19      
 20      
 2       
 12      
 21      
 21      
 12      
 22      
 22      
 23      
 23      
 24      
 21      
 6       
 2       
 19      
 12      
 20      
 1       
 8       
 5       
 17      
 8       
 15      
 25      
 25      
 26      
 26      
 18      
 11      
 24      
 6       
 27      
 28      
 10      
 28      
 5       
 24      
 9       
 27      
 5       
 12      

 1       
 2       
 3       
 4       
 5       
 6       
 7       
 8       
 9       
 10      
 11      
 12      
 13      
 4       
 14      
 15      
 16      
 17      
 15      
 18      
 19      
 3       
 20      
 21      
 19      
 22      
 4       
 23      
 2       
 18      
 1       
 1       
 7       
 24      
 24      
 25      
 25      
 26      
 1       
 10      
 2       
 18      
 14      
 23      
 3       
 9       
 6       
 20      
 20      
 17      
 27      
 27      
 28      
 28      
 21      
 5       
 26      
 10      
 29      
 30      
 16      
 30      
 23      
 26      
 11      
 29      
 13      
 12      

 1       
 2       
 3       
 4       
 4       
 5       
 6       
 7       
 8       
 9       
 2       
 6       
 7       
 10      
 11      
 2       
 12      
 2       
 2       
 8       
 13      
 14      
 15      
 4       
 14      
 6       
 9       
 9       
 16      
 12      
 9       
 12      
 9       
 13      
 1       
 17      
 18      
 18      
 8       
 19      
 19      
 10      
 20      
 11      
 20      
 3       
 10      
 20      
 3       
 1       
 4       
 2       
 13      
 4       
 4       
 21      
 21      
 14      
 14      
 15      
 8       
 14      
 10      
 4       
 22      
 22      
 13      
 5       

 1       
 2       
 3       
 4       
 5       
 6       
 7       
 8       
 2       
 9       
 10      
 7       
 8       
 9       
 8       
 2       
 1       
 11      
 12      
 13      
 14      
 15      
 4       
 16      
 15      
 8       
 1       
 17      
 17      
 16      
 1       
 12      
 9       
 18      
 18      
 19      
 20      
 20      
 10      
 2       
 14      
 9       
 3       
 13      
 9       
 21      
 9       
 3       
 21      
 1       
 5       
 17      
 11      
 5       
 16      
 22      
 22      
 4       
 11      
 13      
 15      
 4       
 14      
 12      
 9       
 6       
 14      
 21      

 1       
 1       
 2       
 3       
 4       
 5       
 6       
 6       
 7       
 8       
 9       
 3       
 10      
 11      
 7       
 1       
 12      
 13      
 14      
 2       
 15      
 3       
 16      
 10      
 17      
 10      
 12      
 12      
 14      
 18      
 19      
 10      
 8       
 20      
 20      
 21      
 13      
 19      
 9       
 9       
 7       
 3       
 11      
 8       
 11      
 2       
 11      
 2       
 2       
 2       
 4       
 10      
 19      
 4       
 18      
 22      
 22      
 2       
 16      
 2       
 17      
 16      
 15      
 14      
 8       
 5       
 3       
 15      

 1       
 1       
 2       
 3       
 4       
 5       
 6       
 7       
 8       
 9       
 10      
 6       
 11      
 12      
 7       
 1       
 13      
 14      
 10      
 15      
 16      
 17      
 18      
 13      
 17      
 11      
 9       
 19      
 19      
 4       
 9       
 13      
 9       
 20      
 20      
 21      
 3       
 22      
 14      
 8       
 8       
 12      
 23      
 15      
 23      
 2       
 12      
 23      
 2       
 13      
 3       
 12      
 16      
 3       
 4       
 22      
 24      
 18      
 14      
 15      
 17      
 18      
 12      
 10      
 13      
 5       
 16      
 11      

 1       
 2       
 3       
 4       
 5       
 6       
 7       
 8       
 2       
 9       
 10      
 7       
 11      
 2       
 8       
 1       
 12      
 13      
 12      
 14      
 4       
 15      
 16      
 12      
 15      
 11      
 1       
 17      
 17      
 18      
 19      
 12      
 12      
 20      
 20      
 21      
 13      
 22      
 2       
 23      
 23      
 24      
 24      
 10      
 25      
 3       
 3       
 25      
 3       
 11      
 5       
 19      
 9       
 5       
 18      
 22      
 26      
 9       
 9       
 15      
 14      
 16      
 10      
 4       
 19      
 6       
 12      
 11      

 1       
 2       
 3       
 4       
 5       
 6       
 7       
 8       
 7       
 9       
 10      
 7       
 11      
 12      
 11      
 10      
 13      
 14      
 8       
 1       
 15      
 16      
 17      
 15      
 16      
 11      
 18      
 9       
 9       
 13      
 18      
 13      
 8       
 19      
 19      
 20      
 14      
 21      
 22      
 22      
 10      
 2       
 2       
 23      
 12      
 3       
 12      
 3       
 3       
 12      
 24      
 1       
 9       
 24      
 25      
 21      
 26      
 4       
 4       
 17      
 16      
 23      
 22      
 15      
 25      
 6       
 8       
 8       
 37.0000  34.0000  37.0000  36.0000  39.0000  40.0000 

 0.0000  0.7057  0.5906  0.5977  0.5485  0.6568 
 0.0000  0.0000  0.8021  0.7575  0.7173  0.6395 
 0.0000  0.0000  0.0000  0.6727  0.6902  0.6966 
 0.0000  0.0000  0.0000  0.0000  0.8629  0.7049 
 0.0000  0.0000  0.0000  0.0000  0.0000  0.7029 
 0.0000  0.0000  0.0000  0.0000  0.0000  0.0000 
 23.0000  25.0000  25.0000  28.0000  28.0000  30.0000 

 0.0000  0.5838  0.4611  0.5435  0.4527  0.5404 
 0.0000  0.0000  0.6855  0.6672  0.6019  0.5403 
 0.0000  0.0000  0.0000  0.5758  0.5945  0.5860 
 0.0000  0.0000  0.0000  0.0000  0.7311  0.5925 
 0.0000  0.0000  0.0000  0.0000  0.0000  0.5825 
 0.0000  0.0000  0.0000  0.0000  0.0000  0.0000 
 21.0000  22.0000  23.0000  24.0000  26.0000  26.0000 

 0.0000  0.4205  0.4230  0.5413  0.4582  0.5400 
 0.0000  0.0000  0.4913  0.6276  0.4654  0.4789 
 0.0000  0.0000  0.0000  0.4990  0.4541  0.4817 
 0.0000  0.0000  0.0000  0.0000  0.5634  0.4699 
 0.0000  0.0000  0.0000  0.0000  0.0000  0.5345 
 0.0000  0.0000  0.0000  0.0000  0.0000  0.0000 
===========================================================================
OUTPUT CLUSTER ALGORITHM FOR NUTS0  AGRICULTURE
---------------------------------------------------------------------------
Stopcriterion =  0.0100  
Bandwidth for Bartlett Window =  1.0000  
 
 
ASYMPTOTICALLY PERFECT CONVERGENCE
OUTPUT CLUSTER ALGORITHM:
 
# Series     :  68 
# Clusters   :  37 
 
 
CLUSTER  1 
Number of series in cluster :  5 
Series in cluster: 
IT4      IT5      IT7      IT8      IT9      
 
 
CLUSTER  2 
Number of series in cluster :  4 
Series in cluster: 
DE3      DE6      IT1      IT3      
 
 
CLUSTER  3 
Number of series in cluster :  3 
Series in cluster: 
BE2      ES4      UKH      
 
 
CLUSTER  4 
Number of series in cluster :  3 
Series in cluster: 
UKC      UKD      UKG      
 
 
CLUSTER  5 
Number of series in cluster :  3 
Series in cluster: 
ES3      SE       UKI      
 
 
CLUSTER  6 
Number of series in cluster :  2 
Series in cluster: 
NL1      NL4      
 
 
CLUSTER  7 
Number of series in cluster :  2 
Series in cluster: 
AT1      DE1      
 
 
CLUSTER  8 
Number of series in cluster :  2 
Series in cluster: 
ES7      UKL      
 
 
CLUSTER  9 
Number of series in cluster :  2 
Series in cluster: 
ES6      UKF      
 
 
CLUSTER  10 
Number of series in cluster :  2 
Series in cluster: 
FI       GR1      
 
 
CLUSTER  11 
Number of series in cluster :  2 
Series in cluster: 
DE2      DE5      
 
 
CLUSTER  12 
Number of series in cluster :  2 
Series in cluster: 
DE7      FR1      
 
 
CLUSTER  13 
Number of series in cluster :  2 
Series in cluster: 
DE9      DEB      
 
 
CLUSTER  14 
Number of series in cluster :  2 
Series in cluster: 
GR2      GR4      
 
 
CLUSTER  15 
Number of series in cluster :  2 
Series in cluster: 
FR7      NO       
 
 
CLUSTER  16 
Number of series in cluster :  2 
Series in cluster: 
FR6      UKJ      
 
 
CLUSTER  17 
Number of series in cluster :  2 
Series in cluster: 
FR5      UKK      
 
 
CLUSTER  18 
Number of series in cluster :  2 
Series in cluster: 
AT2      DEA      
 
 
CLUSTER  19 
Number of series in cluster :  2 
Series in cluster: 
DEC      FR8      
 
 
CLUSTER  20 
Number of series in cluster :  2 
Series in cluster: 
DK       FR3      
 
 
CLUSTER  21 
Number of series in cluster :  2 
Series in cluster: 
ES1      UKE      
 
 
CLUSTER  22 
Number of series in cluster :  2 
Series in cluster: 
ES2      ES5      
 
 
CLUSTER  23 
Number of series in cluster :  2 
Series in cluster: 
AT3      ITA      
 
 
CLUSTER  24 
Number of series in cluster :  1 
Series in cluster: 
         
 
 
CLUSTER  25 
Number of series in cluster :  1 
Series in cluster: 
NL3      
 
 
CLUSTER  26 
Number of series in cluster :  1 
Series in cluster: 
IE       
 
 
CLUSTER  27 
Number of series in cluster :  1 
Series in cluster: 
GR3      
 
 
CLUSTER  28 
Number of series in cluster :  1 
Series in cluster: 
IT2      
 
 
CLUSTER  29 
Number of series in cluster :  1 
Series in cluster: 
NL2      
 
 
CLUSTER  30 
Number of series in cluster :  1 
Series in cluster: 
PT1      
 
 
CLUSTER  31 
Number of series in cluster :  1 
Series in cluster: 
LU       
 
 
CLUSTER  32 
Number of series in cluster :  1 
Series in cluster: 
BE3      
 
 
CLUSTER  33 
Number of series in cluster :  1 
Series in cluster: 
UKM      
 
 
CLUSTER  34 
Number of series in cluster :  1 
Series in cluster: 
IT6      
 
 
CLUSTER  35 
Number of series in cluster :  1 
Series in cluster: 
ITB      
 
 
CLUSTER  36 
Number of series in cluster :  1 
Series in cluster: 
FR4      
 
 
CLUSTER  37 
Number of series in cluster :  1 
Series in cluster: 
FR2      
 
 
END OF OUTPUT
 
 
 
ASYMPTOTICALLY RELATIVE CONVERGENCE
OUTPUT CLUSTER ALGORITHM:
 
# Series     :  68 
# Clusters   :  23 
 
 
CLUSTER  1 
Number of series in cluster :  6 
Series in cluster: 
DE3      DE6      ES6      IT1      IT3      UKF      
 
 
CLUSTER  2 
Number of series in cluster :  6 
Series in cluster: 
AT2      DEA      ES2      ES5      FR4      UKM      
 
 
CLUSTER  3 
Number of series in cluster :  6 
Series in cluster: 
BE3      IT6      LU       UKC      UKD      UKG      
 
 
CLUSTER  4 
Number of series in cluster :  5 
Series in cluster: 
         DE2      DE5      DE7      FR1      
 
 
CLUSTER  5 
Number of series in cluster :  5 
Series in cluster: 
IT4      IT5      IT7      IT8      IT9      
 
 
CLUSTER  6 
Number of series in cluster :  4 
Series in cluster: 
DEC      FR8      ITB      NL3      
 
 
CLUSTER  7 
Number of series in cluster :  3 
Series in cluster: 
IT2      NL1      NL4      
 
 
CLUSTER  8 
Number of series in cluster :  3 
Series in cluster: 
ES3      SE       UKI      
 
 
CLUSTER  9 
Number of series in cluster :  3 
Series in cluster: 
DE9      DEB      FR2      
 
 
CLUSTER  10 
Number of series in cluster :  3 
Series in cluster: 
BE2      ES4      UKH      
 
 
CLUSTER  11 
Number of series in cluster :  2 
Series in cluster: 
FI       GR1      
 
 
CLUSTER  12 
Number of series in cluster :  2 
Series in cluster: 
ES7      UKL      
 
 
CLUSTER  13 
Number of series in cluster :  2 
Series in cluster: 
FR7      NO       
 
 
CLUSTER  14 
Number of series in cluster :  2 
Series in cluster: 
ES1      UKE      
 
 
CLUSTER  15 
Number of series in cluster :  2 
Series in cluster: 
DK       FR3      
 
 
CLUSTER  16 
Number of series in cluster :  2 
Series in cluster: 
GR2      GR4      
 
 
CLUSTER  17 
Number of series in cluster :  2 
Series in cluster: 
FR5      UKK      
 
 
CLUSTER  18 
Number of series in cluster :  2 
Series in cluster: 
IE       PT1      
 
 
CLUSTER  19 
Number of series in cluster :  2 
Series in cluster: 
FR6      UKJ      
 
 
CLUSTER  20 
Number of series in cluster :  2 
Series in cluster: 
AT1      DE1      
 
 
CLUSTER  21 
Number of series in cluster :  2 
Series in cluster: 
AT3      ITA      
 
 
CLUSTER  22 
Number of series in cluster :  1 
Series in cluster: 
GR3      
 
 
CLUSTER  23 
Number of series in cluster :  1 
Series in cluster: 
NL2      
 
 
END OF OUTPUT
 
 
===========================================================================
