===========================================================================
OUTPUT CLUSTER ALGORITHM FOR NUTS0 NON MARKET-SERVICES
---------------------------------------------------------------------------
Stopcriterion =  0.0100  
Bandwidth for Bartlett Window =  2.0000  
 
 
ASYMPTOTICALLY PERFECT CONVERGENCE
OUTPUT CLUSTER ALGORITHM:
 
# Series     :  16 
# Clusters   :  14 
 
 
CLUSTER  1 
Number of series in cluster :  3 
Series in cluster: 
IE       FI                
 
 
CLUSTER  2 
Number of series in cluster :  1 
Series in cluster: 
NO       
 
 
CLUSTER  3 
Number of series in cluster :  1 
Series in cluster: 
UK       
 
 
CLUSTER  4 
Number of series in cluster :  1 
Series in cluster: 
SE       
 
 
CLUSTER  5 
Number of series in cluster :  1 
Series in cluster: 
PT       
 
 
CLUSTER  6 
Number of series in cluster :  1 
Series in cluster: 
NL       
 
 
CLUSTER  7 
Number of series in cluster :  1 
Series in cluster: 
DK       
 
 
CLUSTER  8 
Number of series in cluster :  1 
Series in cluster: 
IT       
 
 
CLUSTER  9 
Number of series in cluster :  1 
Series in cluster: 
AT       
 
 
CLUSTER  10 
Number of series in cluster :  1 
Series in cluster: 
FR       
 
 
CLUSTER  11 
Number of series in cluster :  1 
Series in cluster: 
ES       
 
 
CLUSTER  12 
Number of series in cluster :  1 
Series in cluster: 
GR       
 
 
CLUSTER  13 
Number of series in cluster :  1 
Series in cluster: 
DE       
 
 
CLUSTER  14 
Number of series in cluster :  1 
Series in cluster: 
LU       
 
 
END OF OUTPUT
 
 
 
ASYMPTOTICALLY RELATIVE CONVERGENCE
OUTPUT CLUSTER ALGORITHM:
 
# Series     :  16 
# Clusters   :  7 
 
 
CLUSTER  1 
Number of series in cluster :  5 
Series in cluster: 
DK       DE       ES       AT       UK       
 
 
CLUSTER  2 
Number of series in cluster :  3 
Series in cluster: 
IE       FI                
 
 
CLUSTER  3 
Number of series in cluster :  3 
Series in cluster: 
IT       LU       NL       
 
 
CLUSTER  4 
Number of series in cluster :  2 
Series in cluster: 
SE       NO       
 
 
CLUSTER  5 
Number of series in cluster :  1 
Series in cluster: 
PT       
 
 
CLUSTER  6 
Number of series in cluster :  1 
Series in cluster: 
FR       
 
 
CLUSTER  7 
Number of series in cluster :  1 
Series in cluster: 
GR       
 
 
END OF OUTPUT
 
 
===========================================================================
