===========================================================================
OUTPUT CLUSTER ALGORITHM FOR DATA FROM PENN WORLD TABLE
---------------------------------------------------------------------------
Stopcriterion =  0.1000  
Bandwidth for Bartlett Window =  2.0000  
 
 
ASYMPTOTICALLY PERFECT CONVERGENCE FOR MC
OUTPUT CLUSTER ALGORITHM:
 
# Series     :  20 
# Clusters   :  15 
 
 
CLUSTER  1 
Number of series in cluster :  3 
Series in cluster: 
              c6              c10              c15 
 
 
CLUSTER  2 
Number of series in cluster :  3 
Series in cluster: 
              c2              c11              c14 
 
 
CLUSTER  3 
Number of series in cluster :  2 
Series in cluster: 
              c8               c9 
 
 
CLUSTER  4 
Number of series in cluster :  1 
Series in cluster: 
             c17 
 
 
CLUSTER  5 
Number of series in cluster :  1 
Series in cluster: 
             c16 
 
 
CLUSTER  6 
Number of series in cluster :  1 
Series in cluster: 
             c13 
 
 
CLUSTER  7 
Number of series in cluster :  1 
Series in cluster: 
             c12 
 
 
CLUSTER  8 
Number of series in cluster :  1 
Series in cluster: 
             c20 
 
 
CLUSTER  9 
Number of series in cluster :  1 
Series in cluster: 
              c7 
 
 
CLUSTER  10 
Number of series in cluster :  1 
Series in cluster: 
             c18 
 
 
CLUSTER  11 
Number of series in cluster :  1 
Series in cluster: 
              c5 
 
 
CLUSTER  12 
Number of series in cluster :  1 
Series in cluster: 
              c4 
 
 
CLUSTER  13 
Number of series in cluster :  1 
Series in cluster: 
              c3 
 
 
CLUSTER  14 
Number of series in cluster :  1 
Series in cluster: 
             c19 
 
 
CLUSTER  15 
Number of series in cluster :  1 
Series in cluster: 
              c1 
 
 
Size Number

 1        12      
 2        1       
 3        2       
END OF OUTPUT
 
 
 
ASYMPTOTICALLY RELATIVE CONVERGENCE FOR MC
OUTPUT CLUSTER ALGORITHM:
 
# Series     :  20 
# Clusters   :  10 
 
 
CLUSTER  1 
Number of series in cluster :  7 
Series in cluster: 
              c3               c4               c6              c10 
             c15              c17              c19 
 
 
CLUSTER  2 
Number of series in cluster :  3 
Series in cluster: 
              c8               c9              c13 
 
 
CLUSTER  3 
Number of series in cluster :  3 
Series in cluster: 
              c2              c11              c14 
 
 
CLUSTER  4 
Number of series in cluster :  1 
Series in cluster: 
             c12 
 
 
CLUSTER  5 
Number of series in cluster :  1 
Series in cluster: 
             c20 
 
 
CLUSTER  6 
Number of series in cluster :  1 
Series in cluster: 
              c7 
 
 
CLUSTER  7 
Number of series in cluster :  1 
Series in cluster: 
              c5 
 
 
CLUSTER  8 
Number of series in cluster :  1 
Series in cluster: 
             c16 
 
 
CLUSTER  9 
Number of series in cluster :  1 
Series in cluster: 
             c18 
 
 
CLUSTER  10 
Number of series in cluster :  1 
Series in cluster: 
              c1 
 
 
Size Number

 1        7       
 2        0       
 3        2       
 4        0       
 5        0       
 6        0       
 7        1       
END OF OUTPUT
 
 
===========================================================================
