FALSE 100 10 3 0.6 TRUE FALSE 65 0.01 
FALSE 100 10 3 0.6 TRUE FALSE 65 0.05 
FALSE 100 10 3 0.6 TRUE FALSE 65 0.1 
FALSE 100 20 4 0.6 TRUE FALSE 6 0.01 
FALSE 100 20 4 0.6 TRUE FALSE 6 0.05 
FALSE 100 20 4 0.6 TRUE FALSE 6 0.1 
FALSE 100 20 4 0.6 TRUE FALSE 99 0.01 
FALSE 50 20 4 0.2 FALSE FALSE 9 0.01 
FALSE 50 20 4 0.2 FALSE FALSE 9 0.05 
FALSE 50 20 4 0.2 FALSE FALSE 9 0.1 
FALSE 50 20 4 0.2 FALSE FALSE 17 0.01 
FALSE 50 20 4 0.2 FALSE FALSE 33 0.01 
FALSE 50 20 4 0.2 FALSE FALSE 33 0.05 
FALSE 50 20 4 0.2 FALSE FALSE 33 0.1 
FALSE 50 20 4 0.2 FALSE FALSE 40 0.01 
FALSE 50 20 4 0.2 FALSE FALSE 40 0.05 
FALSE 50 20 4 0.2 FALSE FALSE 40 0.1 
FALSE 50 20 4 0.2 FALSE FALSE 49 0.01 
FALSE 50 20 4 0.2 FALSE FALSE 49 0.05 
FALSE 50 20 4 0.2 FALSE FALSE 49 0.1 
FALSE 50 20 4 0.2 FALSE FALSE 67 0.01 
FALSE 50 20 4 0.2 FALSE FALSE 67 0.05 
FALSE 50 20 4 0.2 FALSE FALSE 67 0.1 
FALSE 50 20 4 0.2 FALSE FALSE 76 0.01 
FALSE 50 20 4 0.2 FALSE FALSE 76 0.05 
FALSE 50 20 4 0.6 FALSE FALSE 40 0.01 
FALSE 50 20 4 0.6 FALSE FALSE 40 0.05 
FALSE 50 20 4 0.6 FALSE FALSE 40 0.1 
FALSE 100 20 4 0.2 FALSE FALSE 6 0.01 
FALSE 100 20 4 0.2 FALSE FALSE 13 0.01 
FALSE 100 20 4 0.2 FALSE FALSE 13 0.05 
FALSE 100 20 4 0.2 FALSE FALSE 13 0.1 
FALSE 100 20 4 0.2 FALSE FALSE 19 0.01 
FALSE 100 20 4 0.2 FALSE FALSE 19 0.05 
FALSE 100 20 4 0.2 FALSE FALSE 19 0.1 
FALSE 100 20 4 0.2 FALSE FALSE 39 0.01 
FALSE 100 20 4 0.2 FALSE FALSE 39 0.05 
FALSE 100 20 4 0.2 FALSE FALSE 39 0.1 
FALSE 100 20 4 0.2 FALSE FALSE 53 0.01 
FALSE 100 20 4 0.2 FALSE FALSE 60 0.01 
FALSE 100 20 4 0.2 FALSE FALSE 60 0.05 
FALSE 100 20 4 0.2 FALSE FALSE 65 0.01 
FALSE 100 20 4 0.2 FALSE FALSE 65 0.05 
FALSE 100 20 4 0.2 FALSE FALSE 65 0.1 
FALSE 100 20 4 0.2 FALSE FALSE 67 0.01 
FALSE 100 20 4 0.2 FALSE FALSE 67 0.05 
FALSE 100 20 4 0.2 FALSE FALSE 67 0.1 
FALSE 100 20 4 0.2 FALSE FALSE 73 0.01 
FALSE 100 20 4 0.2 FALSE FALSE 73 0.05 
FALSE 100 20 4 0.2 FALSE FALSE 73 0.1 
FALSE 100 20 4 0.2 FALSE FALSE 75 0.01 
FALSE 100 20 4 0.2 FALSE FALSE 75 0.05 
FALSE 100 20 4 0.2 FALSE FALSE 75 0.1 
FALSE 100 20 4 0.2 FALSE FALSE 79 0.01 
FALSE 100 20 4 0.6 FALSE FALSE 6 0.01 
FALSE 100 20 4 0.6 FALSE FALSE 6 0.05 
FALSE 100 20 4 0.6 FALSE FALSE 6 0.1 
FALSE 100 20 4 0.6 FALSE FALSE 24 0.01 
