===========================================================================
OUTPUT CLUSTER ALGORITHM FOR MONTECARLO Bootstrap
---------------------------------------------------------------------------
Stopcriterion =  0.1000  
Bandwidth for Bartlett Window =  2.0000  
 
 
ASYMPTOTICALLY PERFECT CONVERGENCE FOR MC
OUTPUT CLUSTER ALGORITHM:
 
# Series     :  10 
# Clusters   :  3 
 
 
CLUSTER  1 
Number of series in cluster :  6 
Series in cluster: 
              c3               c5               c6               c8 
              c9              c10 
 
 
CLUSTER  2 
Number of series in cluster :  2 
Series in cluster: 
              c1               c7 
 
 
CLUSTER  3 
Number of series in cluster :  2 
Series in cluster: 
              c2               c4 
 
 
Size Number

 1        0       
 2        2       
 3        0       
 4        0       
 5        0       
 6        1       
END OF OUTPUT
 
 
 
ASYMPTOTICALLY RELATIVE CONVERGENCE FOR MC
OUTPUT CLUSTER ALGORITHM:
 
# Series     :  10 
# Clusters   :  3 
 
 
CLUSTER  1 
Number of series in cluster :  6 
Series in cluster: 
              c3               c5               c6               c8 
              c9              c10 
 
 
CLUSTER  2 
Number of series in cluster :  2 
Series in cluster: 
              c1               c7 
 
 
CLUSTER  3 
Number of series in cluster :  2 
Series in cluster: 
              c2               c4 
 
 
Size Number

 1        0       
 2        2       
 3        0       
 4        0       
 5        0       
 6        1       
END OF OUTPUT
 
 
===========================================================================
