
Total observations:                                          100  
Usable observations:                                         100  
Number of parameters to be estimated:                          3  
Degrees of freedom:                                           97  
Value of the maximized log-likelihood function:       -183.22327  


Parameters      estimates       std.err.      t-statistic         p-value   
--------------------------------------------------------------------------
P01             0.711615        0.076031         9.359500        0.000000
P02            -0.507273        0.093990        -5.397094        0.000000
P03             1.499598        0.106058        14.139464        0.000000

Covariance matrix: inverse of the negative Hessian.

   Period        LCL         Forecasts        UCL        Forecast Std. Err.
---------------------------------------------------------------------------
     101      -2.040286       0.898927       3.838139       1.499598
     102      -3.994291       0.639690       5.273670       2.364276
     103      -4.833763       0.455213       5.744189       2.698457
     104      -5.267538       0.323936       5.915410       2.852793
     105      -5.508062       0.230518       5.969097       2.927847
     106      -5.647613       0.164040       5.975693       2.965129
     107      -5.731575       0.116733       5.965042       2.983831
     108      -5.783714       0.083069       5.949853       2.993257
     109      -5.817004       0.059113       5.935230       2.998019
     110      -5.838772       0.042066       5.922904       3.000428
