-------------------------------------------------------------------------------
Periods: 0
-------------------------------------------------------------------------------
        Estimated responses                   Accumulated responses
            PHI matrix                             PSI matrix      
-------------------------------------------------------------------------------
     1.000     0.000                        .     1.000     0.000
     0.000     1.000                        .     0.000     1.000

-------------------------------------------------------------------------------
Periods: 1
-------------------------------------------------------------------------------
        Estimated responses                   Accumulated responses
            PHI matrix                             PSI matrix      
-------------------------------------------------------------------------------
     0.571     0.160                        .     1.571     0.160
     0.407     0.606                        .     0.407     1.606

-------------------------------------------------------------------------------
Periods: 2
-------------------------------------------------------------------------------
        Estimated responses                   Accumulated responses
            PHI matrix                             PSI matrix      
-------------------------------------------------------------------------------
     0.191     0.045                        .     1.762     0.204
     0.722     0.618                        .     1.129     2.225

-------------------------------------------------------------------------------
Periods: 3
-------------------------------------------------------------------------------
        Estimated responses                   Accumulated responses
            PHI matrix                             PSI matrix      
-------------------------------------------------------------------------------
     0.053     0.004                        .     1.816     0.208
     0.737     0.552                        .     1.866     2.777

-------------------------------------------------------------------------------
Periods: 4
-------------------------------------------------------------------------------
        Estimated responses                   Accumulated responses
            PHI matrix                             PSI matrix      
-------------------------------------------------------------------------------
     0.005    -0.009                        .     1.821     0.200
     0.659     0.470                        .     2.524     3.247

-------------------------------------------------------------------------------
Periods: 5
-------------------------------------------------------------------------------
        Estimated responses                   Accumulated responses
            PHI matrix                             PSI matrix      
-------------------------------------------------------------------------------
    -0.010    -0.012                        .     1.811     0.188
     0.561     0.392                        .     3.085     3.639

-------------------------------------------------------------------------------
Periods: 6
-------------------------------------------------------------------------------
        Estimated responses                   Accumulated responses
            PHI matrix                             PSI matrix      
-------------------------------------------------------------------------------
    -0.014    -0.011                        .     1.797     0.177
     0.468     0.324                        .     3.553     3.963

-------------------------------------------------------------------------------
Periods: 7
-------------------------------------------------------------------------------
        Estimated responses                   Accumulated responses
            PHI matrix                             PSI matrix      
-------------------------------------------------------------------------------
    -0.013    -0.010                        .     1.783     0.167
     0.386     0.267                        .     3.939     4.230

-------------------------------------------------------------------------------
Periods: 8
-------------------------------------------------------------------------------
        Estimated responses                   Accumulated responses
            PHI matrix                             PSI matrix      
-------------------------------------------------------------------------------
    -0.012    -0.008                        .     1.772     0.159
     0.318     0.219                        .     4.257     4.449



-------------------------------------------------------------------------------
Periods: 0
-------------------------------------------------------------------------------
        Estimated responses                   Accumulated responses
           THETA matrix                            KSI matrix      
-------------------------------------------------------------------------------
  2.39e+00  0.00e+00                        .  2.39e+00  0.00e+00
  1.03e+00  4.09e+00                        .  1.03e+00  4.09e+00

-------------------------------------------------------------------------------
Periods: 1
-------------------------------------------------------------------------------
        Estimated responses                   Accumulated responses
           THETA matrix                            KSI matrix      
-------------------------------------------------------------------------------
  1.53e+00  6.53e-01                        .  3.91e+00  6.53e-01
  1.59e+00  2.48e+00                        .  2.62e+00  6.57e+00

-------------------------------------------------------------------------------
Periods: 2
-------------------------------------------------------------------------------
        Estimated responses                   Accumulated responses
           THETA matrix                            KSI matrix      
-------------------------------------------------------------------------------
  5.02e-01  1.82e-01                        .  4.42e+00  8.35e-01
  2.36e+00  2.53e+00                        .  4.98e+00  9.09e+00

-------------------------------------------------------------------------------
Periods: 3
-------------------------------------------------------------------------------
        Estimated responses                   Accumulated responses
           THETA matrix                            KSI matrix      
-------------------------------------------------------------------------------
  1.32e-01  1.72e-02                        .  4.55e+00  8.52e-01
  2.33e+00  2.26e+00                        .  7.30e+00  1.14e+01

-------------------------------------------------------------------------------
Periods: 4
-------------------------------------------------------------------------------
        Estimated responses                   Accumulated responses
           THETA matrix                            KSI matrix      
-------------------------------------------------------------------------------
  3.45e-03 -3.53e-02                        .  4.55e+00  8.17e-01
  2.06e+00  1.92e+00                        .  9.36e+00  1.33e+01

-------------------------------------------------------------------------------
Periods: 5
-------------------------------------------------------------------------------
        Estimated responses                   Accumulated responses
           THETA matrix                            KSI matrix      
-------------------------------------------------------------------------------
 -3.63e-02 -4.74e-02                        .  4.52e+00  7.69e-01
  1.74e+00  1.60e+00                        .  1.11e+01  1.49e+01

-------------------------------------------------------------------------------
Periods: 6
-------------------------------------------------------------------------------
        Estimated responses                   Accumulated responses
           THETA matrix                            KSI matrix      
-------------------------------------------------------------------------------
 -4.44e-02 -4.58e-02                        .  4.47e+00  7.23e-01
  1.45e+00  1.32e+00                        .  1.25e+01  1.62e+01

-------------------------------------------------------------------------------
Periods: 7
-------------------------------------------------------------------------------
        Estimated responses                   Accumulated responses
           THETA matrix                            KSI matrix      
-------------------------------------------------------------------------------
 -4.19e-02 -4.01e-02                        .  4.43e+00  6.83e-01
  1.20e+00  1.09e+00                        .  1.37e+01  1.73e+01

-------------------------------------------------------------------------------
Periods: 8
-------------------------------------------------------------------------------
        Estimated responses                   Accumulated responses
           THETA matrix                            KSI matrix      
-------------------------------------------------------------------------------
 -3.64e-02 -3.39e-02                        .  4.39e+00  6.49e-01
  9.84e-01  8.96e-01                        .  1.47e+01  1.82e+01

