FORECAST ERROR VARIANCE DECOMPOSITION in Investment (percent)

-------------------------------------------------------------------------------
                       Investment      Business Inventories  
         periods      innovations      innovations   
-------------------------------------------------------------------------------
            1          100.0000            0.0000
            2           94.9640            5.0360
            3           94.7496            5.2504
            4           94.7569            5.2431
            5           94.7434            5.2566
            6           94.7199            5.2801
            7           94.6985            5.3015
            8           94.6822            5.3178

FORECAST ERROR VARIANCE DECOMPOSITION in Business Inventories (percent)

-------------------------------------------------------------------------------
                       Investment      Business Inventories  
         periods      innovations      innovations   
-------------------------------------------------------------------------------
            1            5.9252           94.0748
            2           13.5865           86.4135
            3           23.8312           76.1688
            4           29.7725           70.2275
            5           33.0559           66.9441
            6           34.9453           65.0547
            7           36.0799           63.9201
            8           36.7847           63.2153
