
acv0
      computed with arma_autocov         computed with sgf_SSM    

       8.7796848        7.8652328        8.7796848        7.8652328 
       7.8652328        74.327132        7.8652328        74.327132 

acv1
      computed with arma_autocov         computed with sgf_SSM    

       4.6181484        5.0871363        4.6181484        5.0871363 
       10.422277        63.194009        10.422277        63.194009 

acv2
      computed with arma_autocov         computed with sgf_SSM    

       1.4178371       0.61731445        1.4178371       0.61731445 
       11.868635        56.820980        11.868635        56.820980 

acv3
      computed with arma_autocov         computed with sgf_SSM    

      0.27696547      -0.82282717       0.27696547      -0.82282717 
       10.977280        48.475841        10.977280        48.475841 

acv4
      computed with arma_autocov         computed with sgf_SSM    

     -0.10404397       -1.1719141      -0.10404397       -1.1719141 
       9.4692963        40.464533        9.4692963        40.464533 

acv5
      computed with arma_autocov         computed with sgf_SSM    

     -0.20918183       -1.1471567      -0.20918183       -1.1471567 
       7.9418250        33.456650        7.9418250        33.456650 

acv6
      computed with arma_autocov         computed with sgf_SSM    

     -0.21789611       -1.0105411      -0.21789611       -1.0105411 
       6.5801759        27.544670        6.5801759        27.544670 

acv7
      computed with arma_autocov         computed with sgf_SSM    

     -0.19606112      -0.85498870      -0.19606112      -0.85498870 
       5.4225257        22.633692        5.4225257        22.633692 

acv8
      computed with arma_autocov         computed with sgf_SSM    

     -0.16731375      -0.71112452      -0.16731375      -0.71112451 
       4.4576373        18.582031        4.4576373        18.582031 

acv9
      computed with arma_autocov         computed with sgf_SSM    

     -0.13967993      -0.58702538      -0.13967993      -0.58702538 
       3.6603844        15.249586        3.6603844        15.249586 

acv10
      computed with arma_autocov         computed with sgf_SSM    

     -0.11549563      -0.48294510      -0.11549563      -0.48294510 
       3.0042073        12.512505        3.0042073        12.512505 

acr0
      computed with arma_autocov         computed with sgf_SSM    

       1.0000000       0.30789202        1.0000000       0.30789202 
      0.30789202        1.0000000       0.30789202        1.0000000 

acr1
      computed with arma_autocov         computed with sgf_SSM    

      0.52600389       0.19914079       0.52600389       0.19914079 
      0.40798996       0.85021455       0.40798996       0.85021455 

acr2
      computed with arma_autocov         computed with sgf_SSM    

      0.16149066      0.024165361       0.16149066      0.024165361 
      0.46460902       0.76447159       0.46460902       0.76447159 

acr3
      computed with arma_autocov         computed with sgf_SSM    

     0.031546175     -0.032210352      0.031546175     -0.032210352 
      0.42971606       0.65219577       0.42971606       0.65219577 

acr4
      computed with arma_autocov         computed with sgf_SSM    

    -0.011850536     -0.045875692     -0.011850536     -0.045875692 
      0.37068461       0.54441134       0.37068461       0.54441134 

acr5
      computed with arma_autocov         computed with sgf_SSM    

    -0.023825666     -0.044906539     -0.023825666     -0.044906539 
      0.31089029       0.45012702       0.31089029       0.45012702 

acr6
      computed with arma_autocov         computed with sgf_SSM    

    -0.024818216     -0.039558593     -0.024818216     -0.039558593 
      0.25758725       0.37058701       0.25758725       0.37058701 

acr7
      computed with arma_autocov         computed with sgf_SSM    

    -0.022331225     -0.033469346     -0.022331225     -0.033469346 
      0.21226993       0.30451454       0.21226993       0.30451454 

acr8
      computed with arma_autocov         computed with sgf_SSM    

    -0.019056920     -0.027837646     -0.019056920     -0.027837646 
      0.17449845       0.25000333       0.17449845       0.25000333 

acr9
      computed with arma_autocov         computed with sgf_SSM    

    -0.015909447     -0.022979667     -0.015909447     -0.022979667 
      0.14328923       0.20516850       0.14328923       0.20516850 

acr10
      computed with arma_autocov         computed with sgf_SSM    

    -0.013154872     -0.018905345     -0.013154872     -0.018905345 
      0.11760255       0.16834370       0.11760255       0.16834370 
