
                          ARFIMA process with d = -0.500
-------------------------------------------------------------------------------
             Order      ACF (cov)        ACF (cor)       PACF (cor)
-------------------------------------------------------------------------------
               0        1.2509946                1                . 
               1       -0.1356682      -0.10844827      -0.10844827 
               2      -0.33807322      -0.27024356      -0.28536072 
               3      -0.14624026       -0.1168992      -0.20436625 
               4     0.0019800679      0.001582795      -0.14773583 
               5      0.030698693       0.02453943      -0.11324055 
               6     0.0097947354     0.0078295588     -0.091443252 
               7    -0.0066282212    -0.0052983613     -0.076759171 
               8    -0.0087782511    -0.0070170178     -0.066246342 
               9    -0.0051514866    -0.0041179129     -0.058337262 
              10    -0.0023625428    -0.0018885316     -0.052155025 



                          ARFIMA process with d = -0.250
-------------------------------------------------------------------------------
             Order      ACF (cov)        ACF (cor)       PACF (cor)
-------------------------------------------------------------------------------
               0        1.1170284                1                . 
               1      0.017581407      0.015739445      0.015739445 
               2       -0.2777804        -0.248678      -0.24898742 
               3      -0.16054619      -0.14372614      -0.14387131 
               4     -0.024282094     -0.021738116     -0.090390483 
               5      0.017660424      0.015810183     -0.063807517 
               6     0.0067453307     0.0060386383     -0.049310003 
               7    -0.0076566896    -0.0068545162     -0.040460902 
               8     -0.011005392    -0.0098523827     -0.034495206 
               9     -0.008235074    -0.0073723047     -0.030160148 
              10    -0.0053614456    -0.0047997396     -0.026838909 



                          ARFIMA process with d = 0.000
-------------------------------------------------------------------------------
             Order      ACF (cov)        ACF (cor)       PACF (cor)
-------------------------------------------------------------------------------
               0        1.0793651                1                . 
               1       0.19174603       0.17764706       0.17764706 
               2      -0.17396825      -0.16117647      -0.19901558 
               3      -0.13492063           -0.125     -0.059472701 
               4     -0.023968254     -0.022205882     -0.017835574 
               5      0.021746032      0.020147059    -0.0053505038 
               6      0.016865079         0.015625    -0.0016051466 
               7     0.0029960317     0.0027757353   -0.00048154385 
               8     -0.002718254    -0.0025183824   -0.00014446315 
               9    -0.0021081349     -0.001953125   -4.3338946e-05 
              10   -0.00037450397   -0.00034696691   -1.3001684e-05 



                          ARFIMA process with d = 0.250
-------------------------------------------------------------------------------
             Order      ACF (cov)        ACF (cor)       PACF (cor)
-------------------------------------------------------------------------------
               0        1.2641972                1                . 
               1       0.53069974       0.41979188       0.41979188 
               2       0.10452573      0.082681509      -0.11355496 
               3       0.05728378      0.045312376      0.066815787 
               4       0.12481737      0.098732514      0.075513136 
               5       0.15863476        0.1254826      0.063218633 
               6       0.14951226       0.11826656      0.051374443 
               7        0.1291753       0.10217971      0.042498114 
               8       0.11527678      0.091185752      0.036041696 
               9        0.1083715      0.085723573        0.0312507 
              10       0.10409246      0.082338785      0.027583474 



                          ARFIMA process with d = 0.500
-------------------------------------------------------------------------------
             Order      ACF (cov)        ACF (cor)       PACF (cor)
-------------------------------------------------------------------------------
               0        3.1250449                1                . 
               1        2.4994091       0.79979941       0.79979941 
               2        2.0094413       0.64301198     0.0092497538 
               3        1.8575466       0.59440638       0.21506226 
               4        1.8518921       0.59259694       0.15829951 
               5        1.8442573       0.59015385       0.11380132 
               6        1.8059237       0.57788727      0.086193459 
               7        1.7577952       0.56248638      0.068797192 
               8        1.7162948       0.54920645      0.057179812 
               9        1.6835725       0.53873547      0.048938502 
              10        1.6560016       0.52991289      0.042787124 


