True Regression Coefficients:

       1.0000000 
       1.0000000 
       10.000000 
 
Following estimates use PARZEN kernal
 
FM-OLS regression coefficients, tstats:
Regression Coefficients

     -0.37335994 
     -0.19702233 
    -0.036565791 
    -0.073847932 
     -0.21184806 
       1.0149407 
      0.11128895 
Variance Covariance Matrix

     0.011456522     0.0051202294     0.0035304538     0.0011439815 
   0.00095888696    -0.0017921887      0.015501631 
    0.0051202294      0.013059170     0.0060425798     0.0034743276 
   0.00068975046    -0.0018443896      0.015032584 
    0.0035304538     0.0060425798      0.013578579     0.0060943794 
    0.0031238889    -0.0018968820      0.014855729 
    0.0011439815     0.0034743276     0.0060943794      0.012949450 
    0.0048213139    -0.0017845115      0.014284049 
   0.00095888696    0.00068975046     0.0031238889     0.0048213139 
     0.010733258    -0.0012457107     0.0098727030 
   -0.0017921887    -0.0018443896    -0.0018968820    -0.0017845115 
   -0.0012457107     0.0021870754     -0.021166353 
     0.015501631      0.015032584      0.014855729      0.014284049 
    0.0098727030     -0.021166353       0.25578945 
T-statistics

      -3.4881996 
      -1.7240811 
     -0.31379630 
     -0.64895216 
      -2.0448370 
       21.702452 
      0.22004461 
