AR(1) process
----------------------------------------------------------------------
Hankel Matrix: 

       11.428507        10.963810        10.500640        10.040396 
       10.963810        10.500640        10.040396        9.6128821 
       10.500640        10.040396        9.6128821        9.2114231 
       10.040396        9.6128821        9.2114231        8.8163729 

Singular values: 

       40.369548 
     0.022941717 
     0.012686825 
   0.00089126064 

McMillan order: 1


AR(2) process
----------------------------------------------------------------------
Hankel Matrix: 

      0.84105709       0.80609399       0.54579682       0.42386241 
      0.80609399       0.54579682       0.42386241       0.32699153 
      0.54579682       0.42386241       0.32699153       0.25444666 
      0.42386241       0.32699153       0.25444666       0.22450220 

Singular values: 

       2.0252077 
      0.13091587 
     0.035330932 
    0.0087248333 

McMillan order: 2
