Theoretical Hankel matrix:

  4.62   5.09   1.42  0.617  0.277 -0.823 -0.104  -1.17 -0.209  -1.15 
  10.4   63.2   11.9   56.8   11.0   48.5   9.47   40.5   7.94   33.5 
  1.42  0.617  0.277 -0.823 -0.104  -1.17 -0.209  -1.15 -0.218  -1.01 
  11.9   56.8   11.0   48.5   9.47   40.5   7.94   33.5   6.58   27.5 
 0.277 -0.823 -0.104  -1.17 -0.209  -1.15 -0.218  -1.01 -0.196 -0.855 
  11.0   48.5   9.47   40.5   7.94   33.5   6.58   27.5   5.42   22.6 
-0.104  -1.17 -0.209  -1.15 -0.218  -1.01 -0.196 -0.855 -0.167 -0.711 
  9.47   40.5   7.94   33.5   6.58   27.5   5.42   22.6   4.46   18.6 
-0.209  -1.15 -0.218  -1.01 -0.196 -0.855 -0.167 -0.711 -0.140 -0.587 
  7.94   33.5   6.58   27.5   5.42   22.6   4.46   18.6   3.66   15.2 
Empirical Hankel matrix:

  4.65   10.4   1.69   11.6 -0.150   10.3  -1.72   9.60  -1.58   8.29 
  4.94   61.5  0.323   55.2  0.678   48.1   1.75   38.5   3.75   38.2 
  1.69   11.6 -0.150   10.3  -1.72   9.60  -1.58   8.29 -0.877   5.84 
 0.323   55.2  0.678   48.1   1.75   38.5   3.75   38.2   7.09   35.7 
-0.150   10.3  -1.72   9.60  -1.58   8.29 -0.877   5.84 -0.267   4.54 
 0.678   48.1   1.75   38.5   3.75   38.2   7.09   35.7   8.10   36.7 
 -1.72   9.60  -1.58   8.29 -0.877   5.84 -0.267   4.54  0.208   3.62 
  1.75   38.5   3.75   38.2   7.09   35.7   8.10   36.7   9.24   37.3 
 -1.58   8.29 -0.877   5.84 -0.267   4.54  0.208   3.62   1.99   5.27 
  3.75   38.2   7.09   35.7   8.10   36.7   9.24   37.3   8.04   37.4 
