--------------------------------------------------
Periods: 0
--------------------------------------------------
        Estimated responses    
           THETA matrix        
--------------------------------------------------
     1.000     0.000     0.000
     0.000     1.000     0.000
     0.000     0.000     1.000

     Estimated standard errors  
--------------------------------------------------
     0.000     0.000     0.000
     0.000     0.000     0.000
     0.000     0.000     0.000

--------------------------------------------------
Periods: 1
--------------------------------------------------
        Estimated responses    
           THETA matrix        
--------------------------------------------------
    -0.320     0.146     0.961
     0.044    -0.153     0.289
    -0.002     0.225    -0.264

     Estimated standard errors  
--------------------------------------------------
     0.127     0.541     0.668
     0.032     0.139     0.170
     0.026     0.112     0.137

--------------------------------------------------
Periods: 2
--------------------------------------------------
        Estimated responses    
           THETA matrix        
--------------------------------------------------
    -0.054     0.262     0.416
     0.029     0.114    -0.088
     0.045     0.261     0.110

     Estimated standard errors  
--------------------------------------------------
     0.133     0.553     0.669
     0.032     0.139     0.168
     0.026     0.111     0.138

--------------------------------------------------
Periods: 3
--------------------------------------------------
        Estimated responses    
           THETA matrix        
--------------------------------------------------
     0.119     0.353    -0.408
    -0.009     0.071     0.120
    -0.001    -0.098     0.091

     Estimated standard errors  
--------------------------------------------------
     0.092     0.411     0.503
     0.018     0.090     0.107
     0.018     0.085     0.114

--------------------------------------------------
Periods: 4
--------------------------------------------------
        Estimated responses    
           THETA matrix        
--------------------------------------------------
     0.014     0.018     0.261
     0.004    -0.011     0.008
     0.005     0.085    -0.016

     Estimated standard errors  
--------------------------------------------------
     0.059     0.252     0.314
     0.012     0.068     0.080
     0.014     0.070     0.097

--------------------------------------------------
Periods: 5
--------------------------------------------------
        Estimated responses    
           THETA matrix        
--------------------------------------------------
    -0.020    -0.066     0.067
     0.007     0.047    -0.013
     0.000     0.015     0.032

     Estimated standard errors  
--------------------------------------------------
     0.048     0.213     0.218
     0.010     0.052     0.057
     0.009     0.048     0.062

--------------------------------------------------
Periods: 6
--------------------------------------------------
        Estimated responses    
           THETA matrix        
--------------------------------------------------
     0.011     0.117    -0.048
    -0.001    -0.006     0.028
     0.003     0.002     0.000

     Estimated standard errors  
--------------------------------------------------
     0.031     0.148     0.163
     0.006     0.040     0.042
     0.007     0.040     0.053

--------------------------------------------------
Periods: 7
--------------------------------------------------
        Estimated responses    
           THETA matrix        
--------------------------------------------------
     0.004    -0.007     0.038
     0.001     0.004    -0.003
     0.001     0.012     0.003

     Estimated standard errors  
--------------------------------------------------
     0.024     0.093     0.112
     0.005     0.029     0.034
     0.005     0.027     0.033

--------------------------------------------------
Periods: 8
--------------------------------------------------
        Estimated responses    
           THETA matrix        
--------------------------------------------------
     0.001    -0.004     0.002
     0.001     0.008     0.001
    -0.000    -0.000     0.006

     Estimated standard errors  
--------------------------------------------------
     0.018     0.073     0.097
     0.004     0.022     0.026
     0.004     0.024     0.029

--------------------------------------------------
Periods: 0
--------------------------------------------------
        Accumulated responses    
             PSI matrix        
--------------------------------------------------
     1.000     0.000     0.000
     0.000     1.000     0.000
     0.000     0.000     1.000

     Estimated standard errors  
--------------------------------------------------
     0.000     0.000     0.000
     0.000     0.000     0.000
     0.000     0.000     0.000

--------------------------------------------------
Periods: 1
--------------------------------------------------
        Accumulated responses    
             PSI matrix        
--------------------------------------------------
     0.680     0.146     0.961
     0.044     0.847     0.289
    -0.002     0.225     0.736

     Estimated standard errors  
--------------------------------------------------
     0.127     0.541     0.668
     0.032     0.139     0.170
     0.026     0.112     0.137

--------------------------------------------------
Periods: 2
--------------------------------------------------
        Accumulated responses    
             PSI matrix        
--------------------------------------------------
     0.626     0.408     1.377
     0.073     0.961     0.200
     0.043     0.486     0.846

     Estimated standard errors  
--------------------------------------------------
     0.151     0.637     0.761
     0.044     0.187     0.230
     0.034     0.141     0.173

--------------------------------------------------
Periods: 3
--------------------------------------------------
        Accumulated responses    
             PSI matrix        
--------------------------------------------------
     0.745     0.761     0.969
     0.064     1.033     0.320
     0.042     0.388     0.937

     Estimated standard errors  
--------------------------------------------------
     0.111     0.503     0.591
     0.040     0.179     0.218
     0.035     0.156     0.195

--------------------------------------------------
Periods: 4
--------------------------------------------------
        Accumulated responses    
             PSI matrix        
--------------------------------------------------
     0.759     0.779     1.230
     0.067     1.021     0.328
     0.047     0.472     0.921

     Estimated standard errors  
--------------------------------------------------
     0.127     0.591     0.752
     0.044     0.209     0.264
     0.041     0.185     0.238

--------------------------------------------------
Periods: 5
--------------------------------------------------
        Accumulated responses    
             PSI matrix        
--------------------------------------------------
     0.740     0.712     1.297
     0.075     1.068     0.315
     0.048     0.487     0.953

     Estimated standard errors  
--------------------------------------------------
     0.144     0.643     0.797
     0.048     0.224     0.281
     0.042     0.192     0.242

--------------------------------------------------
Periods: 6
--------------------------------------------------
        Accumulated responses    
             PSI matrix        
--------------------------------------------------
     0.750     0.829     1.249
     0.074     1.062     0.342
     0.051     0.488     0.954

     Estimated standard errors  
--------------------------------------------------
     0.144     0.659     0.821
     0.050     0.236     0.295
     0.044     0.209     0.269

--------------------------------------------------
Periods: 7
--------------------------------------------------
        Accumulated responses    
             PSI matrix        
--------------------------------------------------
     0.754     0.822     1.286
     0.074     1.066     0.339
     0.052     0.500     0.957

     Estimated standard errors  
--------------------------------------------------
     0.145     0.685     0.850
     0.051     0.250     0.313
     0.046     0.220     0.280

--------------------------------------------------
Periods: 8
--------------------------------------------------
        Accumulated responses    
             PSI matrix        
--------------------------------------------------
     0.755     0.819     1.288
     0.075     1.074     0.340
     0.052     0.500     0.963

     Estimated standard errors  
--------------------------------------------------
     0.151     0.707     0.883
     0.053     0.258     0.321
     0.047     0.228     0.291

