--------------------------------------------------
Periods: 0
--------------------------------------------------
        Estimated responses    
           THETA matrix        
--------------------------------------------------
     1.000     0.000     0.000
     0.000     1.000     0.000
     0.000     0.000     1.000

     Estimated standard errors  
--------------------------------------------------
     0.000     0.000     0.000
     0.000     0.000     0.000
     0.000     0.000     0.000

--------------------------------------------------
Periods: 1
--------------------------------------------------
        Estimated responses    
           THETA matrix        
--------------------------------------------------
    -0.320     0.146     0.961
     0.044    -0.153     0.289
    -0.002     0.225    -0.264

     Estimated standard errors  
--------------------------------------------------
     0.126     0.644     0.762
     0.029     0.152     0.170
     0.021     0.131     0.132

--------------------------------------------------
Periods: 2
--------------------------------------------------
        Estimated responses    
           THETA matrix        
--------------------------------------------------
    -0.054     0.262     0.416
     0.029     0.114    -0.088
     0.045     0.261     0.110

     Estimated standard errors  
--------------------------------------------------
     0.119     0.549     0.615
     0.032     0.117     0.166
     0.022     0.089     0.135

--------------------------------------------------
Periods: 3
--------------------------------------------------
        Estimated responses    
           THETA matrix        
--------------------------------------------------
     0.119     0.353    -0.408
    -0.009     0.071     0.120
    -0.001    -0.098     0.091

     Estimated standard errors  
--------------------------------------------------
     0.070     0.436     0.494
     0.016     0.085     0.088
     0.015     0.074     0.107

--------------------------------------------------
Periods: 4
--------------------------------------------------
        Estimated responses    
           THETA matrix        
--------------------------------------------------
     0.014     0.018     0.261
     0.004    -0.011     0.008
     0.005     0.085    -0.016

     Estimated standard errors  
--------------------------------------------------
     0.051     0.253     0.322
     0.011     0.061     0.072
     0.014     0.066     0.078

--------------------------------------------------
Periods: 5
--------------------------------------------------
        Estimated responses    
           THETA matrix        
--------------------------------------------------
    -0.020    -0.066     0.067
     0.007     0.047    -0.013
     0.000     0.015     0.032

     Estimated standard errors  
--------------------------------------------------
     0.045     0.194     0.169
     0.009     0.035     0.054
     0.009     0.046     0.058

--------------------------------------------------
Periods: 6
--------------------------------------------------
        Estimated responses    
           THETA matrix        
--------------------------------------------------
     0.011     0.117    -0.048
    -0.001    -0.006     0.028
     0.003     0.002     0.000

     Estimated standard errors  
--------------------------------------------------
     0.030     0.151     0.172
     0.005     0.030     0.026
     0.006     0.030     0.044

--------------------------------------------------
Periods: 7
--------------------------------------------------
        Estimated responses    
           THETA matrix        
--------------------------------------------------
     0.004    -0.007     0.038
     0.001     0.004    -0.003
     0.001     0.012     0.003

     Estimated standard errors  
--------------------------------------------------
     0.023     0.054     0.080
     0.004     0.023     0.024
     0.004     0.019     0.022

--------------------------------------------------
Periods: 8
--------------------------------------------------
        Estimated responses    
           THETA matrix        
--------------------------------------------------
     0.001    -0.004     0.002
     0.001     0.008     0.001
    -0.000    -0.000     0.006

     Estimated standard errors  
--------------------------------------------------
     0.016     0.068     0.072
     0.002     0.014     0.017
     0.003     0.018     0.019

--------------------------------------------------
Periods: 0
--------------------------------------------------
        Accumulated responses    
             PSI matrix        
--------------------------------------------------
     1.000     0.000     0.000
     0.000     1.000     0.000
     0.000     0.000     1.000

     Estimated standard errors  
--------------------------------------------------
     0.000     0.000     0.000
     0.000     0.000     0.000
     0.000     0.000     0.000

--------------------------------------------------
Periods: 1
--------------------------------------------------
        Accumulated responses    
             PSI matrix        
--------------------------------------------------
     0.680     0.146     0.961
     0.044     0.847     0.289
    -0.002     0.225     0.736

     Estimated standard errors  
--------------------------------------------------
     0.126     0.644     0.762
     0.029     0.152     0.170
     0.021     0.131     0.132

--------------------------------------------------
Periods: 2
--------------------------------------------------
        Accumulated responses    
             PSI matrix        
--------------------------------------------------
     0.626     0.408     1.377
     0.073     0.961     0.200
     0.043     0.486     0.846

     Estimated standard errors  
--------------------------------------------------
     0.134     0.785     0.800
     0.043     0.162     0.227
     0.030     0.125     0.142

--------------------------------------------------
Periods: 3
--------------------------------------------------
        Accumulated responses    
             PSI matrix        
--------------------------------------------------
     0.745     0.761     0.969
     0.064     1.033     0.320
     0.042     0.388     0.937

     Estimated standard errors  
--------------------------------------------------
     0.097     0.567     0.528
     0.035     0.164     0.205
     0.029     0.156     0.181

--------------------------------------------------
Periods: 4
--------------------------------------------------
        Accumulated responses    
             PSI matrix        
--------------------------------------------------
     0.759     0.779     1.230
     0.067     1.021     0.328
     0.047     0.472     0.921

     Estimated standard errors  
--------------------------------------------------
     0.110     0.667     0.735
     0.038     0.194     0.246
     0.037     0.185     0.208

--------------------------------------------------
Periods: 5
--------------------------------------------------
        Accumulated responses    
             PSI matrix        
--------------------------------------------------
     0.740     0.712     1.297
     0.075     1.068     0.315
     0.048     0.487     0.953

     Estimated standard errors  
--------------------------------------------------
     0.130     0.748     0.770
     0.044     0.191     0.263
     0.035     0.179     0.211

--------------------------------------------------
Periods: 6
--------------------------------------------------
        Accumulated responses    
             PSI matrix        
--------------------------------------------------
     0.750     0.829     1.249
     0.074     1.062     0.342
     0.051     0.488     0.954

     Estimated standard errors  
--------------------------------------------------
     0.129     0.716     0.729
     0.043     0.200     0.268
     0.038     0.192     0.229

--------------------------------------------------
Periods: 7
--------------------------------------------------
        Accumulated responses    
             PSI matrix        
--------------------------------------------------
     0.754     0.822     1.286
     0.074     1.066     0.339
     0.052     0.500     0.957

     Estimated standard errors  
--------------------------------------------------
     0.127     0.737     0.766
     0.045     0.212     0.284
     0.040     0.200     0.238

--------------------------------------------------
Periods: 8
--------------------------------------------------
        Accumulated responses    
             PSI matrix        
--------------------------------------------------
     0.755     0.819     1.288
     0.075     1.074     0.340
     0.052     0.500     0.963

     Estimated standard errors  
--------------------------------------------------
     0.135     0.762     0.788
     0.046     0.213     0.287
     0.041     0.201     0.242

