
Total observations:                                          100  
Usable observations:                                         100  
Number of parameters to be estimated:                         11  
Degrees of freedom:                                           89  
Value of the maximized log-likelihood function:       -365.69735  


Parameters      estimates       std.err.      t-statistic         p-value   
--------------------------------------------------------------------------
P01             1.626402        5.126110         0.317278        0.751776
P02             0.926648        3.039106         0.304908        0.761148
P03            10.025209       40.281126         0.248881        0.804026
P04             1.710571        0.848626         2.015693        0.046848
P05             1.289415        0.359848         3.583221        0.000553
P06             0.350086        0.358143         0.977503        0.330970
P07             0.162010        0.533178         0.303858        0.761945
P08             0.199448        0.260828         0.764675        0.446488
P09             1.066501       10.395379         0.102594        0.918516
P10             4.379451       14.382811         0.304492        0.761464
P11             0.545148        3.496879         0.155895        0.876468

Covariance matrix: inverse of the negative Hessian.


       True values    Estimated values 
               1         1.626402 
               1       0.92664846 
              10        10.025209 
               2        1.7105706 
               1        1.2894155 
             0.5       0.35008584 
             0.3       0.16201034 
             0.2       0.19944845 
               1        1.0665014 
               4        4.3794514 
               1       0.54514754 
