
Total observations:                                          100  
Usable observations:                                         100  
Number of parameters to be estimated:                          3  
Degrees of freedom:                                           97  
Value of the maximized log-likelihood function:       -286.83945  


Parameters      estimates       std.err.      t-statistic         p-value   
--------------------------------------------------------------------------
sig_u           2.363088        0.289802         8.154150        0.000000
sigma0          0.720172        0.267088         2.696380        0.008265
sigma1          0.194846        0.026065         7.475287        0.000000

Covariance matrix: inverse of the negative Hessian.



Total observations:                                           71  
Usable observations:                                          70  
Number of parameters to be estimated:                          2  
Degrees of freedom:                                           68  
Value of the maximized log-likelihood function:       -227.49900  


Parameters      estimates       std.err.      t-statistic         p-value   
--------------------------------------------------------------------------
sig_eta         2.174190        0.713899         3.045513        0.003303
sig_epsi        5.037427        0.603238         8.350645        0.000000

Covariance matrix: inverse of the negative Hessian.
edit;
