==============================
Observation nø 1

Filter: a(1)

          1.1084
          4.4214
Smoothing: a(1|NOBS)

          1.3265
          4.6395
Filter: P(1)

          0.2471          0.2471
          0.2471          0.2471
Smoothing: P(1|NOBS)

          0.2339          0.2339
          0.2339          0.2339


==============================
Observation nø 2

Filter: a(2)

          3.1260
          6.1616
Smoothing: a(2|NOBS)

          3.3761
          6.3984
Filter: P(2)

          0.2660          0.2452
          0.2452          0.2473
Smoothing: P(2|NOBS)

          0.2513          0.2314
          0.2314          0.2342


==============================
Observation nø 3

Filter: a(3)

          4.0707
          6.4574
Smoothing: a(3|NOBS)

          4.2773
          6.6479
Filter: P(3)

          0.2667          0.2446
          0.2446          0.2477
Smoothing: P(3|NOBS)

          0.2521          0.2308
          0.2308          0.2346


==============================
Observation nø 4

Filter: a(4)

          3.8538
          5.9257
Smoothing: a(4|NOBS)

          3.9648
          6.0292
Filter: P(4)

          0.2667          0.2446
          0.2446          0.2477
Smoothing: P(4|NOBS)

          0.2521          0.2308
          0.2308          0.2347


==============================
Observation nø 5

Filter: a(5)

          3.6213
          5.7786
Smoothing: a(5|NOBS)

          3.7364
          5.8871
Filter: P(5)

          0.2667          0.2446
          0.2446          0.2477
Smoothing: P(5|NOBS)

          0.2521          0.2308
          0.2308          0.2347


==============================
Observation nø 6

Filter: a(6)

          3.7232
          5.9536
Smoothing: a(6|NOBS)

          3.7678
          5.9931
Filter: P(6)

          0.2667          0.2446
          0.2446          0.2477
Smoothing: P(6|NOBS)

          0.2521          0.2308
          0.2308          0.2347


==============================
Observation nø 7

Filter: a(7)

          3.2941
          5.5124
Smoothing: a(7|NOBS)

          3.2534
          5.4717
Filter: P(7)

          0.2667          0.2446
          0.2446          0.2477
Smoothing: P(7|NOBS)

          0.2521          0.2308
          0.2308          0.2347


==============================
Observation nø 8

Filter: a(8)

          2.8627
          5.2313
Smoothing: a(8|NOBS)

          2.6926
          5.0714
Filter: P(8)

          0.2667          0.2446
          0.2446          0.2477
Smoothing: P(8|NOBS)

          0.2521          0.2308
          0.2308          0.2347


==============================
Observation nø 9

Filter: a(9)

          2.1011
          4.6726
Smoothing: a(9|NOBS)

          2.2405
          4.8007
Filter: P(9)

          0.2667          0.2446
          0.2446          0.2477
Smoothing: P(9|NOBS)

          0.2521          0.2308
          0.2308          0.2347


==============================
Observation nø 10

Filter: a(10)

          3.0062
          5.6994
Smoothing: a(10|NOBS)

          2.8135
          5.5218
Filter: P(10)

          0.2667          0.2446
          0.2446          0.2477
Smoothing: P(10|NOBS)

          0.2521          0.2308
          0.2308          0.2347


