==============================
Observation nø 1

a(1)

          3.4064
          3.7317
P(1)

          0.7684          0.3561
          0.3561          0.4073


==============================
Observation nø 2

a(2)

          5.0917
          5.8151
P(2)

          0.5603          0.3785
          0.3785          0.4046


==============================
Observation nø 3

a(3)

          6.3854
          6.0525
P(3)

          0.5351          0.3859
          0.3859          0.4024


==============================
Observation nø 4

a(4)

          5.9152
          4.9205
P(4)

          0.5324          0.3868
          0.3868          0.4020


==============================
Observation nø 5

a(5)

          5.6819
          5.1272
P(5)

          0.5321          0.3869
          0.3869          0.4020


==============================
Observation nø 6

a(6)

          5.9612
          5.5069
P(6)

          0.5321          0.3869
          0.3869          0.4020


==============================
Observation nø 7

a(7)

          5.3528
          4.7793
P(7)

          0.5321          0.3869
          0.3869          0.4020


==============================
Observation nø 8

a(8)

          4.6688
          4.5184
P(8)

          0.5321          0.3869
          0.3869          0.4020


==============================
Observation nø 9

a(9)

          3.8695
          4.3020
P(9)

          0.5321          0.3869
          0.3869          0.4020


==============================
Observation nø 10

a(10)

          4.4421
          4.8669
P(10)

          0.5321          0.3869
          0.3869          0.4020


