
Total observations:                                           71  
Usable observations:                                          70  
Number of parameters to be estimated:                          2  
Degrees of freedom:                                           68  
Value of the maximized log-likelihood function:       -227.49900  


Parameters      estimates       std.err.      t-statistic         p-value   
--------------------------------------------------------------------------
sig_eta         2.173754        0.713873         3.045017        0.003308
sig_epsi        5.037626        0.603216         8.351283        0.000000

Covariance matrix: inverse of the negative Hessian.



Total observations:                                           71  
Usable observations:                                          70  
Number of parameters to be estimated:                          2  
Degrees of freedom:                                           68  
Value of the maximized log-likelihood function:       -227.49900  


Parameters      estimates       std.err.      t-statistic         p-value   
--------------------------------------------------------------------------
sig_eta         2.174190        0.713899         3.045513        0.003303
sig_epsi        5.037427        0.603238         8.350645        0.000000

Covariance matrix: inverse of the negative Hessian.

Total observations:                                           71  
Usable observations:                                          68  
Number of parameters to be estimated:                          2  
Degrees of freedom:                                           66  
Value of the maximized log-likelihood function:       -221.94789  


Parameters      estimates       std.err.      t-statistic         p-value   
--------------------------------------------------------------------------
sig_eta         2.207512        0.736271         2.998232        0.003826
sig_epsi        5.106478        0.621310         8.218893        0.000000

Covariance matrix: inverse of the negative Hessian.
edit;
