True Regression Coefficients:

       1.0000000 
       10.000000 
 
P Saikkonen(1991) regression coefficients, tstats:

       10.081640        26.115306 
       1.0002393        19.852876 
   -0.0037883988     -0.034921385 
     0.075448350       0.69440011 
     -0.10089269      -0.93137938 
     -0.12457580       -1.1472951 
     -0.10943559      -0.93924260 
    -0.014931000      -0.12811862 
      0.18511977        1.6099054 
     0.099388962       0.86471584 
     0.086359337       0.78973064 
 
Coefficient on constant (p = 0)          :       10.081640 
Coefficient on x                         :       1.0002393 
Coefficient on lags(diff(x,1)) 1,2,3,4 :
   -0.0037883988 
     0.075448350 
     -0.10089269 
     -0.12457580 
Coefficient on leads(diff(x,1)) 1,2,3,4:
     -0.10943559 
    -0.014931000 
      0.18511977 
     0.099388962 
Coefficient on diff(x,1)               :     0.086359337 
run pupz.ex;
