
FORECAST ERROR VARIANCE DECOMPOSITION in the first variable (percent)

-------------------------------------------------------------------------------
                         First            Second      
         periods      innovations       innovations   
-------------------------------------------------------------------------------
            1           78.1250           21.8750
            2           59.6910           40.3090
            3           53.6047           46.3953
            4           57.4897           42.5103
            5           61.6261           38.3739
            6           62.7239           37.2761
            7           62.0813           37.9187
            8           61.5541           38.4459
            9           61.6689           38.3311
           10           61.9821           38.0179
           11           62.1135           37.8865
           12           62.0741           37.9259
           13           62.0204           37.9796
           14           62.0212           37.9788
           15           62.0483           37.9517



FORECAST ERROR VARIANCE DECOMPOSITION in the second variable (percent)

-------------------------------------------------------------------------------
                         First            Second      
         periods      innovations       innovations   
-------------------------------------------------------------------------------
            1           92.0455            7.9545
            2           77.6657           22.3343
            3           68.0277           31.9723
            4           67.3290           32.6710
            5           69.8897           30.1103
            6           71.1652           28.8348
            7           70.8365           29.1635
            8           70.2076           29.7924
            9           70.0489           29.9511
           10           70.2168           29.7832
           11           70.3487           29.6513
           12           70.3403           29.6597
           13           70.2843           29.7157
           14           70.2623           29.7377
           15           70.2741           29.7259



FORECAST ERROR VARIANCE DECOMPOSITION in the third variable (percent)

-------------------------------------------------------------------------------
                         First            Second      
         periods      innovations       innovations   
-------------------------------------------------------------------------------
            1           78.1250           21.8750
            2           59.6910           40.3090
            3           53.6047           46.3953
            4           57.4897           42.5103
            5           61.6261           38.3739
            6           62.7239           37.2761
            7           62.0813           37.9187
            8           61.5541           38.4459
            9           61.6689           38.3311
           10           61.9821           38.0179
           11           62.1135           37.8865
           12           62.0741           37.9259
           13           62.0204           37.9796
           14           62.0212           37.9788
           15           62.0483           37.9517
