-------------------------------------------------------------------------------
Periods: 0
-------------------------------------------------------------------------------
        Estimated responses                   Accumulated responses
           THETA matrix                            KSI matrix      
-------------------------------------------------------------------------------
  4.61e-02  0.00e+00  0.00e+00         .  4.61e-02  0.00e+00  0.00e+00
  1.55e-03  1.16e-02  0.00e+00         .  1.55e-03  1.16e-02  0.00e+00
  2.67e-03  4.93e-03  7.60e-03         .  2.67e-03  4.93e-03  7.60e-03

-------------------------------------------------------------------------------
Periods: 1
-------------------------------------------------------------------------------
        Estimated responses                   Accumulated responses
           THETA matrix                            KSI matrix      
-------------------------------------------------------------------------------
 -1.20e-02  6.44e-03  7.30e-03         .  3.42e-02  6.44e-03  7.30e-03
  2.56e-03 -3.51e-04  2.19e-03         .  4.11e-03  1.13e-02  2.19e-03
 -4.68e-04  1.31e-03 -2.01e-03         .  2.20e-03  6.24e-03  5.59e-03

-------------------------------------------------------------------------------
Periods: 2
-------------------------------------------------------------------------------
        Estimated responses                   Accumulated responses
           THETA matrix                            KSI matrix      
-------------------------------------------------------------------------------
 -9.90e-04  5.09e-03  3.16e-03         .  3.32e-02  1.15e-02  1.05e-02
  1.26e-03  8.86e-04 -6.70e-04         .  5.37e-03  1.22e-02  1.52e-03
  2.78e-03  3.57e-03  8.36e-04         .  4.99e-03  9.82e-03  6.43e-03

-------------------------------------------------------------------------------
Periods: 3
-------------------------------------------------------------------------------
        Estimated responses                   Accumulated responses
           THETA matrix                            KSI matrix      
-------------------------------------------------------------------------------
  4.95e-03  2.09e-03 -3.10e-03         .  3.82e-02  1.36e-02  7.36e-03
  2.26e-05  1.42e-03  9.10e-04         .  5.40e-03  1.36e-02  2.43e-03
  6.52e-05 -6.92e-04  6.91e-04         .  5.05e-03  9.12e-03  7.12e-03

-------------------------------------------------------------------------------
Periods: 4
-------------------------------------------------------------------------------
        Estimated responses                   Accumulated responses
           THETA matrix                            KSI matrix      
-------------------------------------------------------------------------------
  1.39e-03  1.50e-03  1.98e-03         .  3.95e-02  1.51e-02  9.35e-03
  1.79e-04 -8.97e-05  6.08e-05         .  5.57e-03  1.35e-02  2.49e-03
  3.28e-04  9.05e-04 -1.20e-04         .  5.38e-03  1.00e-02  7.00e-03

-------------------------------------------------------------------------------
Periods: 5
-------------------------------------------------------------------------------
        Estimated responses                   Accumulated responses
           THETA matrix                            KSI matrix      
-------------------------------------------------------------------------------
 -8.34e-04 -4.41e-04  5.07e-04         .  3.87e-02  1.47e-02  9.85e-03
  3.76e-04  4.79e-04 -1.01e-04         .  5.95e-03  1.40e-02  2.39e-03
  1.25e-04  3.28e-04  2.43e-04         .  5.50e-03  1.04e-02  7.24e-03

-------------------------------------------------------------------------------
Periods: 6
-------------------------------------------------------------------------------
        Estimated responses                   Accumulated responses
           THETA matrix                            KSI matrix      
-------------------------------------------------------------------------------
  5.45e-04  1.12e-03 -3.67e-04         .  3.93e-02  1.58e-02  9.49e-03
  1.15e-05  6.61e-05  2.10e-04         .  5.96e-03  1.40e-02  2.60e-03
  1.57e-04  2.11e-05  3.33e-06         .  5.66e-03  1.04e-02  7.25e-03

-------------------------------------------------------------------------------
Periods: 7
-------------------------------------------------------------------------------
        Estimated responses                   Accumulated responses
           THETA matrix                            KSI matrix      
-------------------------------------------------------------------------------
  2.72e-04  1.04e-04  2.85e-04         .  3.95e-02  1.59e-02  9.77e-03
  3.16e-05  2.90e-05 -2.62e-05         .  5.99e-03  1.41e-02  2.57e-03
  6.22e-05  1.54e-04  2.29e-05         .  5.72e-03  1.05e-02  7.27e-03

-------------------------------------------------------------------------------
Periods: 8
-------------------------------------------------------------------------------
        Estimated responses                   Accumulated responses
           THETA matrix                            KSI matrix      
-------------------------------------------------------------------------------
  3.78e-05 -3.31e-05  1.31e-05         .  3.96e-02  1.59e-02  9.78e-03
  5.09e-05  1.02e-04  8.78e-06         .  6.04e-03  1.42e-02  2.58e-03
  9.11e-06  2.64e-05  4.92e-05         .  5.73e-03  1.06e-02  7.32e-03

-------------------------------------------------------------------------------
Long-term Accumulated responses matrix
-------------------------------------------------------------------------------

0.0397 0.0161 0.00984 
0.00608 0.0142 0.00261 
0.00578 0.0106 0.00733 
