-------------------------------------------------------------------------------
Periods: 0
-------------------------------------------------------------------------------
        Estimated responses                   Accumulated responses
            PHI matrix                             PSI matrix      
-------------------------------------------------------------------------------
     1.000     0.000     0.000         .     1.000     0.000     0.000
     0.000     1.000     0.000         .     0.000     1.000     0.000
     0.000     0.000     1.000         .     0.000     0.000     1.000

-------------------------------------------------------------------------------
Periods: 1
-------------------------------------------------------------------------------
        Estimated responses                   Accumulated responses
            PHI matrix                             PSI matrix      
-------------------------------------------------------------------------------
    -0.320     0.146     0.961         .     0.680     0.146     0.961
     0.044    -0.153     0.289         .     0.044     0.847     0.289
    -0.002     0.225    -0.264         .    -0.002     0.225     0.736

-------------------------------------------------------------------------------
Periods: 2
-------------------------------------------------------------------------------
        Estimated responses                   Accumulated responses
            PHI matrix                             PSI matrix      
-------------------------------------------------------------------------------
    -0.054     0.262     0.416         .     0.626     0.408     1.377
     0.029     0.114    -0.088         .     0.073     0.961     0.200
     0.045     0.261     0.110         .     0.043     0.486     0.846

-------------------------------------------------------------------------------
Periods: 3
-------------------------------------------------------------------------------
        Estimated responses                   Accumulated responses
            PHI matrix                             PSI matrix      
-------------------------------------------------------------------------------
     0.119     0.353    -0.408         .     0.745     0.761     0.969
    -0.009     0.071     0.120         .     0.064     1.033     0.320
    -0.001    -0.098     0.091         .     0.042     0.388     0.937

-------------------------------------------------------------------------------
Periods: 4
-------------------------------------------------------------------------------
        Estimated responses                   Accumulated responses
            PHI matrix                             PSI matrix      
-------------------------------------------------------------------------------
     0.014     0.018     0.261         .     0.759     0.779     1.230
     0.004    -0.011     0.008         .     0.067     1.021     0.328
     0.005     0.085    -0.016         .     0.047     0.472     0.921

-------------------------------------------------------------------------------
Periods: 5
-------------------------------------------------------------------------------
        Estimated responses                   Accumulated responses
            PHI matrix                             PSI matrix      
-------------------------------------------------------------------------------
    -0.020    -0.066     0.067         .     0.740     0.712     1.297
     0.007     0.047    -0.013         .     0.075     1.068     0.315
     0.000     0.015     0.032         .     0.048     0.487     0.953

-------------------------------------------------------------------------------
Periods: 6
-------------------------------------------------------------------------------
        Estimated responses                   Accumulated responses
            PHI matrix                             PSI matrix      
-------------------------------------------------------------------------------
     0.011     0.117    -0.048         .     0.750     0.829     1.249
    -0.001    -0.006     0.028         .     0.074     1.062     0.342
     0.003     0.002     0.000         .     0.051     0.488     0.954

-------------------------------------------------------------------------------
Periods: 7
-------------------------------------------------------------------------------
        Estimated responses                   Accumulated responses
            PHI matrix                             PSI matrix      
-------------------------------------------------------------------------------
     0.004    -0.007     0.038         .     0.754     0.822     1.286
     0.001     0.004    -0.003         .     0.074     1.066     0.339
     0.001     0.012     0.003         .     0.052     0.500     0.957

-------------------------------------------------------------------------------
Periods: 8
-------------------------------------------------------------------------------
        Estimated responses                   Accumulated responses
            PHI matrix                             PSI matrix      
-------------------------------------------------------------------------------
     0.001    -0.004     0.002         .     0.755     0.819     1.288
     0.001     0.008     0.001         .     0.075     1.074     0.340
    -0.000    -0.000     0.006         .     0.052     0.500     0.963

-------------------------------------------------------------------------------
Long-term Accumulated responses matrix
-------------------------------------------------------------------------------

 0.756  0.836   1.30 
0.0756   1.08  0.344 
0.0526  0.505  0.964 
