-------------------------------------------------------------------------------
Periods: 0
-------------------------------------------------------------------------------
        Estimated responses                   Accumulated responses
           THETA matrix                            KSI matrix      
-------------------------------------------------------------------------------
  2.39e+00  0.00e+00                        .  2.39e+00  0.00e+00
  1.03e+00  4.09e+00                        .  1.03e+00  4.09e+00

-------------------------------------------------------------------------------
Periods: 1
-------------------------------------------------------------------------------
        Estimated responses                   Accumulated responses
           THETA matrix                            KSI matrix      
-------------------------------------------------------------------------------
  1.53e+00  6.53e-01                        .  3.91e+00  6.53e-01
  1.59e+00  2.48e+00                        .  2.62e+00  6.57e+00

-------------------------------------------------------------------------------
Periods: 2
-------------------------------------------------------------------------------
        Estimated responses                   Accumulated responses
           THETA matrix                            KSI matrix      
-------------------------------------------------------------------------------
  5.02e-01  1.82e-01                        .  4.42e+00  8.35e-01
  2.36e+00  2.53e+00                        .  4.98e+00  9.09e+00

-------------------------------------------------------------------------------
Periods: 3
-------------------------------------------------------------------------------
        Estimated responses                   Accumulated responses
           THETA matrix                            KSI matrix      
-------------------------------------------------------------------------------
  1.32e-01  1.72e-02                        .  4.55e+00  8.52e-01
  2.33e+00  2.26e+00                        .  7.30e+00  1.14e+01

-------------------------------------------------------------------------------
Periods: 4
-------------------------------------------------------------------------------
        Estimated responses                   Accumulated responses
           THETA matrix                            KSI matrix      
-------------------------------------------------------------------------------
  3.45e-03 -3.53e-02                        .  4.55e+00  8.17e-01
  2.06e+00  1.92e+00                        .  9.36e+00  1.33e+01

-------------------------------------------------------------------------------
Periods: 5
-------------------------------------------------------------------------------
        Estimated responses                   Accumulated responses
           THETA matrix                            KSI matrix      
-------------------------------------------------------------------------------
 -3.63e-02 -4.74e-02                        .  4.52e+00  7.69e-01
  1.74e+00  1.60e+00                        .  1.11e+01  1.49e+01

-------------------------------------------------------------------------------
Periods: 6
-------------------------------------------------------------------------------
        Estimated responses                   Accumulated responses
           THETA matrix                            KSI matrix      
-------------------------------------------------------------------------------
 -4.44e-02 -4.58e-02                        .  4.47e+00  7.23e-01
  1.45e+00  1.32e+00                        .  1.25e+01  1.62e+01

-------------------------------------------------------------------------------
Periods: 7
-------------------------------------------------------------------------------
        Estimated responses                   Accumulated responses
           THETA matrix                            KSI matrix      
-------------------------------------------------------------------------------
 -4.19e-02 -4.01e-02                        .  4.43e+00  6.83e-01
  1.20e+00  1.09e+00                        .  1.37e+01  1.73e+01

-------------------------------------------------------------------------------
Periods: 8
-------------------------------------------------------------------------------
        Estimated responses                   Accumulated responses
           THETA matrix                            KSI matrix      
-------------------------------------------------------------------------------
 -3.64e-02 -3.39e-02                        .  4.39e+00  6.49e-01
  9.84e-01  8.96e-01                        .  1.47e+01  1.82e+01

-------------------------------------------------------------------------------
Long-term Accumulated responses matrix
-------------------------------------------------------------------------------

  4.22  0.491 
  19.2   22.3 
