-------------------------------------------------------------------------------
Periods: 0
-------------------------------------------------------------------------------
        Estimated responses                   Accumulated responses
            PHI matrix                             PSI matrix      
-------------------------------------------------------------------------------
     1.000     0.000                        .     1.000     0.000
     0.000     1.000                        .     0.000     1.000

-------------------------------------------------------------------------------
Periods: 1
-------------------------------------------------------------------------------
        Estimated responses                   Accumulated responses
            PHI matrix                             PSI matrix      
-------------------------------------------------------------------------------
     0.571     0.160                        .     1.571     0.160
     0.407     0.606                        .     0.407     1.606

-------------------------------------------------------------------------------
Periods: 2
-------------------------------------------------------------------------------
        Estimated responses                   Accumulated responses
            PHI matrix                             PSI matrix      
-------------------------------------------------------------------------------
     0.191     0.045                        .     1.762     0.204
     0.722     0.618                        .     1.129     2.225

-------------------------------------------------------------------------------
Periods: 3
-------------------------------------------------------------------------------
        Estimated responses                   Accumulated responses
            PHI matrix                             PSI matrix      
-------------------------------------------------------------------------------
     0.053     0.004                        .     1.816     0.208
     0.737     0.552                        .     1.866     2.777

-------------------------------------------------------------------------------
Periods: 4
-------------------------------------------------------------------------------
        Estimated responses                   Accumulated responses
            PHI matrix                             PSI matrix      
-------------------------------------------------------------------------------
     0.005    -0.009                        .     1.821     0.200
     0.659     0.470                        .     2.524     3.247

-------------------------------------------------------------------------------
Periods: 5
-------------------------------------------------------------------------------
        Estimated responses                   Accumulated responses
            PHI matrix                             PSI matrix      
-------------------------------------------------------------------------------
    -0.010    -0.012                        .     1.811     0.188
     0.561     0.392                        .     3.085     3.639

-------------------------------------------------------------------------------
Periods: 6
-------------------------------------------------------------------------------
        Estimated responses                   Accumulated responses
            PHI matrix                             PSI matrix      
-------------------------------------------------------------------------------
    -0.014    -0.011                        .     1.797     0.177
     0.468     0.324                        .     3.553     3.963

-------------------------------------------------------------------------------
Periods: 7
-------------------------------------------------------------------------------
        Estimated responses                   Accumulated responses
            PHI matrix                             PSI matrix      
-------------------------------------------------------------------------------
    -0.013    -0.010                        .     1.783     0.167
     0.386     0.267                        .     3.939     4.230

-------------------------------------------------------------------------------
Periods: 8
-------------------------------------------------------------------------------
        Estimated responses                   Accumulated responses
            PHI matrix                             PSI matrix      
-------------------------------------------------------------------------------
    -0.012    -0.008                        .     1.772     0.159
     0.318     0.219                        .     4.257     4.449

-------------------------------------------------------------------------------
Long-term Accumulated responses matrix
-------------------------------------------------------------------------------

  1.72  0.120 
  5.71   5.45 
