 aic values    = 
       1.8668943        1.4837796       0.92417687       0.58644959 
      0.53087949 
      0.66573934       0.63652243       0.54544945       0.44679674 
      0.43979821 
      0.10035032       0.10295753      0.096173226      0.078751629 
     0.098903397 
      0.11667575       0.12132484       0.10763518      0.091233308 
      0.10914752 
      0.13839832       0.14537995       0.12954969       0.11723803 
      0.13330519 
      0.16627402       0.17365624       0.15776124       0.14368601 
      0.15833159 
 bic values    = 
       1.8668943        1.5039403       0.96449830       0.64693173 
      0.61152234 
      0.68590005       0.67684386       0.60593159       0.52743959 
      0.54060178 
      0.14085319       0.16371183       0.17717896       0.18000880 
      0.22041200 
      0.17770499       0.20269715       0.20935057       0.21329178 
      0.25154907 
      0.22014097       0.24755826       0.25216366       0.26028766 
      0.29679049 
      0.26892001       0.29683143       0.30146563       0.30791960 
      0.34309438 
 pic values    = 
      -704.67284       -393.90468       -135.56119       -51.883025 
      -63.631762 
      -54.264345       -45.924083       -29.336563       -23.311141 
      -45.233503 
       62.947071        60.397411        53.553369        38.044821 
       11.343753 
       58.252802        55.877879        49.560503        34.924432 
       8.6156001 
       53.550496        51.104572        44.715440        30.232498 
       4.1679152 
       48.676758        46.207882        39.854729        25.718935 
      0.00000000 
