***************************************************************
*******    type  1 at ? prompt to change viewpoint of graph ***
*******    type -1 at ? prompt to go back to last graph     ***
*******    type  2 at ? prompt to move on                   ***
***************************************************************
 pic values = 
      -2957.1617       -486.93840        30.016569        22.428178 
      0.77399255 
       16.469450        21.182678        40.245078        27.508990 
       5.3054604 
       35.063173        36.686995        39.728046        26.079393 
       3.7168957 
       38.644674        40.011465        37.738305        23.699017 
       1.3088763 
       36.532207        37.717320        39.444937        26.010238 
       3.8090269 
       35.223058        36.584983        35.704190        22.086856 
      0.00000000 
odds in favour of a unit root =       0.00000000 
selected lag   =        1.0000000 
selected trend =        1.0000000 
coefficients =       0.39232604      -0.32266672     -0.066442405 
st. errors =       0.21862568        1.0280369       0.10678409 
 t- ratio  =       -1.4758866       -5.1704296        3.6740121 
