 Value of AR lag 'pmax' reset using AIC =        5.0000000 
 AR coefficient =       0.65934951 
 Z(a) statistic =       -22.537355 
 Z(t) statistic =       -3.8624644 
 Value of AR lag 'pmax' reset using AIC =        5.0000000 
 AR coefficient =       0.89599531 
 Z(a) statistic =       -3.6870762 
 Z(t) statistic =       -1.4012768 
 Value of AR lag 'pmax' reset using AIC =        1.0000000 
 AR coefficient =       0.86642684 
 Z(a) statistic =       -5.8324881 
 Z(t) statistic =       -1.4956942 
 Value of AR lag 'pmax' reset using AIC =        8.0000000 
 Third stage is unstable: recursion curtailed at second stage 
 Third stage is unstable: recursion curtailed at second stage 
 AR coefficient =       0.70835526 
 Z(a) statistic =       -4.3303491 
 Z(t) statistic =       -3.1489997 
 Value of AR lag 'pmax' reset using AIC =        2.0000000 
 AR coefficient =       0.86016886 
 Z(a) statistic =       -5.5495637 
 Z(t) statistic =       -1.4475115 
 Value of AR lag 'pmax' reset using AIC =        1.0000000 
 AR coefficient =       0.90085443 
 Z(a) statistic =       -3.9015513 
 Z(t) statistic =       -1.2019492 
 Value of AR lag 'pmax' reset using AIC =        1.0000000 
 AR coefficient =       0.98083291 
 Z(a) statistic =     -0.014587270 
 Z(t) statistic =     -0.013132005 
 Value of AR lag 'pmax' reset using AIC =        3.0000000 
 AR coefficient =       0.98288789 
 Z(a) statistic =      -0.17096919 
 Z(t) statistic =      -0.20919207 
 Value of AR lag 'pmax' reset using AIC =        1.0000000 
 AR coefficient =       0.83653347 
 Z(a) statistic =       -8.7576049 
 Z(t) statistic =       -2.2263865 
