-------------------------------------------------------------------------------
Periods: 0
-------------------------------------------------------------------------------
        Estimated responses                   Accumulated responses
            PHI matrix                             PSI matrix      
-------------------------------------------------------------------------------
     1.000     0.000     0.000         .     1.000     0.000     0.000
     0.000     1.000     0.000         .     0.000     1.000     0.000
     0.000     0.000     1.000         .     0.000     0.000     1.000

-------------------------------------------------------------------------------
Periods: 1
-------------------------------------------------------------------------------
        Estimated responses                   Accumulated responses
            PHI matrix                             PSI matrix      
-------------------------------------------------------------------------------
    -0.320     0.146     0.961         .     0.680     0.146     0.961
     0.044    -0.153     0.289         .     0.044     0.847     0.289
    -0.002     0.225    -0.264         .    -0.002     0.225     0.736

-------------------------------------------------------------------------------
Periods: 2
-------------------------------------------------------------------------------
        Estimated responses                   Accumulated responses
            PHI matrix                             PSI matrix      
-------------------------------------------------------------------------------
    -0.054     0.262     0.416         .     0.626     0.408     1.377
     0.029     0.114    -0.088         .     0.073     0.961     0.200
     0.045     0.261     0.110         .     0.043     0.486     0.846

-------------------------------------------------------------------------------
Periods: 3
-------------------------------------------------------------------------------
        Estimated responses                   Accumulated responses
            PHI matrix                             PSI matrix      
-------------------------------------------------------------------------------
     0.119     0.353    -0.408         .     0.745     0.761     0.969
    -0.009     0.071     0.120         .     0.064     1.033     0.320
    -0.001    -0.098     0.091         .     0.042     0.388     0.937

-------------------------------------------------------------------------------
Periods: 4
-------------------------------------------------------------------------------
        Estimated responses                   Accumulated responses
            PHI matrix                             PSI matrix      
-------------------------------------------------------------------------------
     0.014     0.018     0.261         .     0.759     0.779     1.230
     0.004    -0.011     0.008         .     0.067     1.021     0.328
     0.005     0.085    -0.016         .     0.047     0.472     0.921

-------------------------------------------------------------------------------
Periods: 5
-------------------------------------------------------------------------------
        Estimated responses                   Accumulated responses
            PHI matrix                             PSI matrix      
-------------------------------------------------------------------------------
    -0.020    -0.066     0.067         .     0.740     0.712     1.297
     0.007     0.047    -0.013         .     0.075     1.068     0.315
     0.000     0.015     0.032         .     0.048     0.487     0.953

-------------------------------------------------------------------------------
Periods: 6
-------------------------------------------------------------------------------
        Estimated responses                   Accumulated responses
            PHI matrix                             PSI matrix      
-------------------------------------------------------------------------------
     0.011     0.117    -0.048         .     0.750     0.829     1.249
    -0.001    -0.006     0.028         .     0.074     1.062     0.342
     0.003     0.002     0.000         .     0.051     0.488     0.954

-------------------------------------------------------------------------------
Periods: 7
-------------------------------------------------------------------------------
        Estimated responses                   Accumulated responses
            PHI matrix                             PSI matrix      
-------------------------------------------------------------------------------
     0.004    -0.007     0.038         .     0.754     0.822     1.286
     0.001     0.004    -0.003         .     0.074     1.066     0.339
     0.001     0.012     0.003         .     0.052     0.500     0.957

-------------------------------------------------------------------------------
Periods: 8
-------------------------------------------------------------------------------
        Estimated responses                   Accumulated responses
            PHI matrix                             PSI matrix      
-------------------------------------------------------------------------------
     0.001    -0.004     0.002         .     0.755     0.819     1.288
     0.001     0.008     0.001         .     0.075     1.074     0.340
    -0.000    -0.000     0.006         .     0.052     0.500     0.963



-------------------------------------------------------------------------------
Periods: 0
-------------------------------------------------------------------------------
        Estimated responses                   Accumulated responses
           THETA matrix                            KSI matrix      
-------------------------------------------------------------------------------
  4.61e-02  0.00e+00  0.00e+00         .  4.61e-02  0.00e+00  0.00e+00
  1.55e-03  1.16e-02  0.00e+00         .  1.55e-03  1.16e-02  0.00e+00
  2.67e-03  4.93e-03  7.60e-03         .  2.67e-03  4.93e-03  7.60e-03

-------------------------------------------------------------------------------
Periods: 1
-------------------------------------------------------------------------------
        Estimated responses                   Accumulated responses
           THETA matrix                            KSI matrix      
-------------------------------------------------------------------------------
 -1.20e-02  6.44e-03  7.30e-03         .  3.42e-02  6.44e-03  7.30e-03
  2.56e-03 -3.51e-04  2.19e-03         .  4.11e-03  1.13e-02  2.19e-03
 -4.68e-04  1.31e-03 -2.01e-03         .  2.20e-03  6.24e-03  5.59e-03

-------------------------------------------------------------------------------
Periods: 2
-------------------------------------------------------------------------------
        Estimated responses                   Accumulated responses
           THETA matrix                            KSI matrix      
-------------------------------------------------------------------------------
 -9.90e-04  5.09e-03  3.16e-03         .  3.32e-02  1.15e-02  1.05e-02
  1.26e-03  8.86e-04 -6.70e-04         .  5.37e-03  1.22e-02  1.52e-03
  2.78e-03  3.57e-03  8.36e-04         .  4.99e-03  9.82e-03  6.43e-03

-------------------------------------------------------------------------------
Periods: 3
-------------------------------------------------------------------------------
        Estimated responses                   Accumulated responses
           THETA matrix                            KSI matrix      
-------------------------------------------------------------------------------
  4.95e-03  2.09e-03 -3.10e-03         .  3.82e-02  1.36e-02  7.36e-03
  2.26e-05  1.42e-03  9.10e-04         .  5.40e-03  1.36e-02  2.43e-03
  6.52e-05 -6.92e-04  6.91e-04         .  5.05e-03  9.12e-03  7.12e-03

-------------------------------------------------------------------------------
Periods: 4
-------------------------------------------------------------------------------
        Estimated responses                   Accumulated responses
           THETA matrix                            KSI matrix      
-------------------------------------------------------------------------------
  1.39e-03  1.50e-03  1.98e-03         .  3.95e-02  1.51e-02  9.35e-03
  1.79e-04 -8.97e-05  6.08e-05         .  5.57e-03  1.35e-02  2.49e-03
  3.28e-04  9.05e-04 -1.20e-04         .  5.38e-03  1.00e-02  7.00e-03

-------------------------------------------------------------------------------
Periods: 5
-------------------------------------------------------------------------------
        Estimated responses                   Accumulated responses
           THETA matrix                            KSI matrix      
-------------------------------------------------------------------------------
 -8.34e-04 -4.41e-04  5.07e-04         .  3.87e-02  1.47e-02  9.85e-03
  3.76e-04  4.79e-04 -1.01e-04         .  5.95e-03  1.40e-02  2.39e-03
  1.25e-04  3.28e-04  2.43e-04         .  5.50e-03  1.04e-02  7.24e-03

-------------------------------------------------------------------------------
Periods: 6
-------------------------------------------------------------------------------
        Estimated responses                   Accumulated responses
           THETA matrix                            KSI matrix      
-------------------------------------------------------------------------------
  5.45e-04  1.12e-03 -3.67e-04         .  3.93e-02  1.58e-02  9.49e-03
  1.15e-05  6.61e-05  2.10e-04         .  5.96e-03  1.40e-02  2.60e-03
  1.57e-04  2.11e-05  3.33e-06         .  5.66e-03  1.04e-02  7.25e-03

-------------------------------------------------------------------------------
Periods: 7
-------------------------------------------------------------------------------
        Estimated responses                   Accumulated responses
           THETA matrix                            KSI matrix      
-------------------------------------------------------------------------------
  2.72e-04  1.04e-04  2.85e-04         .  3.95e-02  1.59e-02  9.77e-03
  3.16e-05  2.90e-05 -2.62e-05         .  5.99e-03  1.41e-02  2.57e-03
  6.22e-05  1.54e-04  2.29e-05         .  5.72e-03  1.05e-02  7.27e-03

-------------------------------------------------------------------------------
Periods: 8
-------------------------------------------------------------------------------
        Estimated responses                   Accumulated responses
           THETA matrix                            KSI matrix      
-------------------------------------------------------------------------------
  3.78e-05 -3.31e-05  1.31e-05         .  3.96e-02  1.59e-02  9.78e-03
  5.09e-05  1.02e-04  8.78e-06         .  6.04e-03  1.42e-02  2.58e-03
  9.11e-06  2.64e-05  4.92e-05         .  5.73e-03  1.06e-02  7.32e-03

