

+++++++++++++++++++++++++++++++++++++++++++++++++++++++++++++++++++++++++++
OLS Estimates
+++++++++++++++++++++++++++++++++++++++++++++++++++++++++++++++++++++++++++
GAMMA = 

         -1.0000          0.1962          0.0000
         -6.0368         -1.0000          1.3819
          1.8717          0.0000         -1.0000
B = 

       -107.2205         39.5362         -1.3556
          0.0000         -3.8677         90.9606
          0.0000         -6.0649          0.0000
          0.0000          1.6393          0.0000
          0.0000          0.0000          5.7949
PI = 

       -146.8101         10.7393         13.4854
        109.4969         17.6102        115.2967
         12.4793         -3.6170         -4.9985
         -3.3732          0.9777          1.3511
          6.4688          1.2689          7.5484



+++++++++++++++++++++++++++++++++++++++++++++++++++++++++++++++++++++++++++
GLS-2S Estimates
+++++++++++++++++++++++++++++++++++++++++++++++++++++++++++++++++++++++++++
GAMMA = 

         -1.0000          0.1990          0.0000
         -8.0105         -1.0000          1.9305
          2.1868          0.0000         -1.0000
B = 

        -83.2621         39.1015         -7.4169
          0.0000         -3.8285         81.3149
          0.0000         -6.2933          0.0000
          0.0000          1.5946          0.0000
          0.0000          0.0000          5.0196
PI = 

       -141.1674         11.0024         13.8237
        109.6407         17.9953        116.0555
         13.5928         -3.5876         -6.9261
         -3.4442          0.9091          1.7550
          6.2577          1.2456          7.4243



+++++++++++++++++++++++++++++++++++++++++++++++++++++++++++++++++++++++++++
GLS-3S Estimates
+++++++++++++++++++++++++++++++++++++++++++++++++++++++++++++++++++++++++++
GAMMA = 

         -1.0000          0.1995          0.0000
         -8.7074         -1.0000          2.1738
          2.2978          0.0000         -1.0000
B = 

        -74.5385         38.9766        -10.6577
          0.0000         -3.7444         76.9188
          0.0000         -6.3457          0.0000
          0.0000          1.5742          0.0000
          0.0000          0.0000          4.7034
PI = 

       -140.0305         11.0445         13.3504
        109.5299         18.1038        116.2722
         13.5353         -3.6458         -7.9252
         -3.3578          0.9045          1.9661
          6.2091          1.2385          7.3957



+++++++++++++++++++++++++++++++++++++++++++++++++++++++++++++++++++++++++++
LIML Estimates
+++++++++++++++++++++++++++++++++++++++++++++++++++++++++++++++++++++++++++
GAMMA = 

         -1.0000          0.1962          0.0000
         -6.0368         -1.0000          1.3819
          1.8717          0.0000         -1.0000
B = 

       -107.2205         39.5362         -1.3556
          0.0000         -3.8677         90.9606
          0.0000         -6.0649          0.0000
          0.0000          1.6393          0.0000
          0.0000          0.0000          5.7949
PI = 

       -146.8101         10.7393         13.4854
        109.4969         17.6102        115.2967
         12.4793         -3.6170         -4.9985
         -3.3732          0.9777          1.3511
          6.4688          1.2689          7.5484

Total observations:                                         1000  
Usable observations:                                        1000  
Number of parameters to be estimated:                          1  
Degrees of freedom:                                          999  
Value of the maximized log-likelihood function:      -2133.59423  


Parameters      estimates       std.err.      t-statistic         p-value   
--------------------------------------------------------------------------
P01             1.943809        0.042951        45.256701        0.000000
Covariance matrix: inverse of the negative Hessian.
edit;

Total observations:                                          100  
Usable observations:                                         100  
Number of parameters to be estimated:                          1  
Degrees of freedom:                                           99  
Value of the maximized log-likelihood function:       -365.28970  


Parameters      estimates       std.err.      t-statistic         p-value   
--------------------------------------------------------------------------
P01             4.199173        0.262453        15.999691        0.000000
Covariance matrix: inverse of the negative Hessian.
edit;

Total observations:                                         2089  
Usable observations:                                        1946  
Number of parameters to be estimated:                          1  
Degrees of freedom:                                         1945  
Value of the maximized log-likelihood function:      10649.00098  


Parameters      estimates       std.err.      t-statistic         p-value   
--------------------------------------------------------------------------
P01             0.001335        0.000021        63.992988        0.000000
Covariance matrix: inverse of the negative Hessian.
dos del *.bak;
edit;

C:\GAUSS\TSM\EXACT_ML.PRG(10) : error G0014 : 'REINSEL.DAT' : File not found

Total observations:                                          100  
Usable observations:                                          99  
Number of parameters to be estimated:                          8  
Degrees of freedom:                                           90  
Value of the maximized log-likelihood function:       -501.39229  


Parameters      estimates       std.err.      t-statistic         p-value   
--------------------------------------------------------------------------
AR1_11          0.348225        0.166431         2.092305        0.039227
AR1_21          0.660855        0.229695         2.877094        0.005011
AR1_12         -0.018263        0.045997        -0.397042        0.692276
AR1_22          0.845952        0.047469        17.821087        0.000000
MA1_11         -0.222588        0.174793        -1.273438        0.206142
MA1_21          0.253717        0.316180         0.802445        0.424409
MA1_12         -0.177879        0.069941        -2.543274        0.012689
MA1_22          0.239736        0.111044         2.158930        0.033516

Covariance matrix: inverse of the negative Hessian.
