
Total observations:                                           76  
Usable observations:                                          74  
Number of parameters to be estimated:                          4  
Degrees of freedom:                                           70  
Value of the maximized log-likelihood function:        472.84137  


Parameters      estimates       std.err.      t-statistic         p-value   
--------------------------------------------------------------------------
P01             1.000000        0.000000                .               .
P02             0.287346        0.061467         4.674772        0.000014
P03             0.000000        0.000000                .               .
P04             0.702097        0.064083        10.956081        0.000000
P05             0.000000        0.000000                .               .
P06             0.051166        0.017115         2.989514        0.003853
P07             0.003460        0.000238        14.508792        0.000000
P08             0.000000        0.000000                .               .
P09             0.012162        0.001000        12.165525        0.000000
P10             0.004843        0.001020         4.746480        0.000011
P11             0.008081        0.000664        12.165525        0.000000

Covariance matrix: inverse of the negative Hessian.


             INC(t-1)   CONS(t-1)    Constant    Inv(t-1)
INC(t)        1.0000      0.0000      0.0000      0.0035
CONS(t)       0.2873      0.7021      0.0512      0.0000

