
Total observations:                                           30  
Usable observations:                                          30  
Number of parameters to be estimated:                          7  
Degrees of freedom:                                           23  
Value of the maximized log-likelihood function:         -1.61681  


Parameters      estimates       std.err.      t-statistic         p-value   
--------------------------------------------------------------------------
P01            -4.462657        1.525631        -2.925121        0.007613
P02            -3.033189        1.715669        -1.767934        0.090337
P03             0.341330        0.688308         0.495898        0.624672
P04            -0.989435        0.023186       -42.673967        0.000000
P05             0.000000        0.000000                .               .
P06             0.000000        0.000000                .               .
P07             0.000000        0.000000                .               .
P08            -0.989435        0.023186       -42.673967        0.000000
P09             0.000000        0.000000                .               .
P10             0.000000        0.000000                .               .
P11             0.000000        0.000000                .               .
P12            -0.989435        0.023186       -42.673967        0.000000
P13             1.461807        0.255321         5.725366        0.000008
P14             1.150859        0.287111         4.008414        0.000551
P15             0.868081        0.114922         7.553679        0.000000

Covariance matrix: inverse of the negative Hessian.

Total observations:                                           30  
Usable observations:                                          30  
Number of parameters to be estimated:                          7  
Degrees of freedom:                                           23  
Value of the maximized log-likelihood function:         -3.81948  


Parameters      estimates       std.err.      t-statistic         p-value   
--------------------------------------------------------------------------
P01            -4.520735        1.511342        -2.991205        0.006524
P02            -3.102123        1.698274        -1.826633        0.080763
P03             0.269011        0.687737         0.391154        0.699284
P04            -0.956403        0.025362       -37.709820        0.000000
P05             0.000000        0.000000                .               .
P06             0.000000        0.000000                .               .
P07             0.000000        0.000000                .               .
P08            -0.956403        0.025362       -37.709820        0.000000
P09             0.000000        0.000000                .               .
P10             0.000000        0.000000                .               .
P11             0.000000        0.000000                .               .
P12            -0.956403        0.025362       -37.709820        0.000000
P13             1.460083        0.252911         5.773120        0.000007
P14             1.151875        0.284175         4.053401        0.000493
P15             0.869457        0.114765         7.575998        0.000000

Covariance matrix: inverse of the negative Hessian.
