
Total observations:                                           76  
Usable observations:                                          73  
Number of parameters to be estimated:                         21  
Degrees of freedom:                                           52  
Value of the maximized log-likelihood function:        595.26885  


Parameters      estimates       std.err.      t-statistic         p-value   
--------------------------------------------------------------------------
P01            -0.319631        0.125456        -2.547745        0.013837
P02             0.043931        0.031859         1.378910        0.173825
P03            -0.002423        0.025676        -0.094354        0.925190
P04             0.145989        0.545666         0.267543        0.790110
P05            -0.152732        0.138570        -1.102199        0.275450
P06             0.224813        0.111678         2.013052        0.049300
P07             0.961219        0.664310         1.446943        0.153915
P08             0.288502        0.168700         1.710150        0.093199
P09            -0.263968        0.135960        -1.941514        0.057624
P10            -0.160551        0.124907        -1.285368        0.204359
P11             0.050031        0.031720         1.577281        0.120796
P12             0.033880        0.025564         1.325330        0.190856
P13             0.114605        0.534570         0.214387        0.831084
P14             0.019166        0.135752         0.141182        0.888272
P15             0.354912        0.109407         3.243976        0.002062
P16             0.934394        0.665096         1.404900        0.165997
P17            -0.010205        0.168899        -0.060420        0.952053
P18            -0.022230        0.136120        -0.163312        0.870906
P19            -0.016722        0.017226        -0.970720        0.336181
P20             0.015767        0.004375         3.604272        0.000701
P21             0.012926        0.003526         3.666287        0.000579

Covariance matrix: inverse of the negative Hessian.

SIGMA:

          0.0021          0.0001          0.0001
          0.0001          0.0001          0.0001
          0.0001          0.0001          0.0001



-------------------------------------------------------------------------------
                 STABILITY analysis of the VAR(2) process  
-------------------------------------------------------------------------------
        Roots of the reverse            Modulus
      characteristic polynomial
-------------------------------------------------------------------------------
       1.75294                         1.75294                  
      -0.31951 -        2.00842i       2.03368                  
      -0.31951 +        2.00842i       2.03368                  
      -2.69403                         2.69403                  
      -1.28511 -        1.28023i       1.81398                  
      -1.28511 +        1.28023i       1.81398                  
