
Total observations:                                           76  
Usable observations:                                          73  
Number of parameters to be estimated:                          7  
Degrees of freedom:                                           66  
Value of the maximized log-likelihood function:        580.64876  


Parameters      estimates       std.err.      t-statistic         p-value   
--------------------------------------------------------------------------
P01            -0.038979        0.120038        -0.324723        0.746418
P02             0.000000        0.000000                .               .
P03             0.000000        0.000000                .               .
P04             0.000000        0.000000                .               .
P05             0.000000        0.000000                .               .
P06             0.252798        0.085146         2.968990        0.004161
P07             0.000000        0.000000                .               .
P08             0.258027        0.137314         1.879098        0.064648
P09            -0.288220        0.116599        -2.471893        0.016027
P10             0.000000        0.000000                .               .
P11             0.000000        0.000000                .               .
P12             0.000000        0.000000                .               .
P13             0.000000        0.000000                .               .
P14             0.000000        0.000000                .               .
P15             0.361431        0.077144         4.685114        0.000014
P16             0.000000        0.000000                .               .
P17             0.000000        0.000000                .               .
P18             0.000000        0.000000                .               .
P19             0.000000        0.000000                .               .
P20             0.015087        0.003107         4.856276        0.000008
P21             0.012806        0.002863         4.473573        0.000031

Covariance matrix: inverse of the negative Hessian.

Total observations:                                           76  
Usable observations:                                          73  
Number of parameters to be estimated:                          7  
Degrees of freedom:                                           66  
Value of the maximized log-likelihood function:        592.36448  


Parameters      estimates       std.err.      t-statistic         p-value   
--------------------------------------------------------------------------
P01            -0.026004        0.113101        -0.229919        0.818866
P02             0.000000        0.000000                .               .
P03             0.000000        0.000000                .               .
P04             0.000000        0.000000                .               .
P05             0.000000        0.000000                .               .
P06             0.289278        0.080227         3.605768        0.000599
P07             0.000000        0.000000                .               .
P08             0.248630        0.130536         1.904682        0.061181
P09            -0.326583        0.110420        -2.957644        0.004298
P10             0.000000        0.000000                .               .
P11             0.000000        0.000000                .               .
P12             0.000000        0.000000                .               .
P13             0.000000        0.000000                .               .
P14             0.000000        0.000000                .               .
P15             0.326975        0.072689         4.498258        0.000028
P16             0.000000        0.000000                .               .
P17             0.000000        0.000000                .               .
P18             0.000000        0.000000                .               .
P19             0.000000        0.000000                .               .
P20             0.015003        0.002953         5.080116        0.000003
P21             0.012753        0.002708         4.709560        0.000013
P22             0.050382        0.004170        12.083046        0.000000
P23             0.000832        0.001349         0.616933        0.539402
P24             0.002466        0.001054         2.340646        0.022282
P25             0.011510        0.000953        12.083046        0.000000
P26             0.004957        0.000949         5.224915        0.000002
P27             0.007309        0.000605        12.083046        0.000000

Covariance matrix: inverse of the negative Hessian.

B(ls) = 
  -0.0390   0.0000   0.0000   0.0000   0.0000   0.0000   0.0000
   0.0000   0.0000   0.2580   0.0000   0.0000   0.0000   0.0151
   0.0000   0.2528  -0.2882   0.0000   0.3614   0.0000   0.0128


B(ml) = 
  -0.0260   0.0000   0.0000   0.0000   0.0000   0.0000   0.0000
   0.0000   0.0000   0.2486   0.0000   0.0000   0.0000   0.0150
   0.0000   0.2893  -0.3266   0.0000   0.3270   0.0000   0.0128

