Valid cases:                     5      Dependent variable:                   Y
Missing cases:                   0      Deletion method:                   None
Total SS:                   23.200      Degrees of freedom:                   1
R-squared:                   0.982      Rbar-squared:                     0.928
Residual SS:                 0.417      Std error of est:                 0.646
F(3,1):                     18.224      Probability of F:                 0.170

                         Standard                 Prob   Standardized  Cor with
Variable     Estimate      Error      t-value     >|t|     Estimate    Dep Var
-------------------------------------------------------------------------------
CONSTANT    -3.148882    1.322059   -2.381801     0.253       ---         ---  
X1           1.104542    0.200650    5.504811     0.114    1.104542    0.008621
X2           1.727830    0.284489    6.073442     0.104    1.014617    0.587220
X3          -0.753425    0.151110   -4.985923     0.126   -0.839445   -0.448764

Total observations:                                            5  
Usable observations:                                           5  
Number of parameters to be estimated:                          4  
Degrees of freedom:                                            1  
Value of the maximized log-likelihood function:         -4.90638  


Parameters      estimates       std.err.      t-statistic         p-value   
--------------------------------------------------------------------------
P01            -3.148882        1.322059        -2.381801        0.253057
P02             1.104542        0.200650         5.504811        0.114400
P03             1.727830        0.284489         6.073442        0.103888
P04            -0.753425        0.151110        -4.985923        0.126012

Covariance matrix: inverse of the negative Hessian.
