PARZEN kernal ... 
PCB Z statistic for random walk without drift
Autoregressive parameter =       0.98006053 
PCB T*(alpha - 1); 5% critical value =       -2.0852753       -7.9024300 
PCB t-statistic; 5% critical value   =       -1.0099891       -1.9423200 
Woops!; p < -1
Error: p cannot be set < -1
Woops!; p > 5; critical values not available
Autoregressive parameter =       0.74976770 
PCB T*(alpha - 1); 5% critical value =       -26.194840       0.00000000 
PCB t-statistic; 5% critical value   =       -4.0152820       0.00000000 
 
 
 
FEJER kernal ... 
PCB Z statistic for random walk without drift
Autoregressive parameter =       0.98554073 
PCB T*(alpha - 1); 5% critical value =       -1.4548801       -7.8392700 
PCB t-statistic; 5% critical value   =      -0.77588895       -1.9497600 
Woops!; p < -1
Error: p cannot be set < -1
Woops!; p > 5; critical values not available
Autoregressive parameter =       0.73876298 
PCB T*(alpha - 1); 5% critical value =       -27.762836       0.00000000 
PCB t-statistic; 5% critical value   =       -4.0954710       0.00000000 
run coint.drv;
